Watching for file changes with StatReloader
Waiting for apps ready_event.
Apps ready_event triggered. Sending autoreload_started signal.
Watching dir /app/frontend/build with glob **/*.
Watching dir /app/locale with glob **/*.mo.
Watching dir /usr/local/lib/python3.8/site-packages/corsheaders/locale with glob **/*.mo.
Watching dir /app/my_app/locale with glob **/*.mo.
Watching dir /app/backend/locale with glob **/*.mo.
Watching dir /app/frontend/locale with glob **/*.mo.
Watching dir /usr/local/lib/python3.8/site-packages/django_prometheus/locale with glob **/*.mo.
File /usr/local/lib/python3.8/asyncio/selector_events.py first seen with mtime 1694114420.0
File /usr/local/lib/python3.8/contextlib.py first seen with mtime 1694114419.0
File /usr/local/lib/python3.8/site-packages/django/contrib/admin/widgets.py first seen with mtime 1694299860.346531
File /usr/local/lib/python3.8/email/message.py first seen with mtime 1694114421.0
File /usr/local/lib/python3.8/site-packages/vine/funtools.py first seen with mtime 1694299859.526531
File /usr/local/lib/python3.8/site-packages/celery/app/annotations.py first seen with mtime 1694299861.163531
File /usr/local/lib/python3.8/concurrent/futures/_base.py first seen with mtime 1694114420.0
File /usr/local/lib/python3.8/site-packages/requests/compat.py first seen with mtime 1694299860.046531
File /usr/local/lib/python3.8/site-packages/urllib3/util/connection.py first seen with mtime 1694299859.534531
File /usr/local/lib/python3.8/_markupbase.py first seen with mtime 1694114419.0
File /usr/local/lib/python3.8/site-packages/celery/utils/collections.py first seen with mtime 1694299861.1725311
File /usr/local/lib/python3.8/site-packages/django/contrib/admin/__init__.py first seen with mtime 1694299860.345531
File /usr/local/lib/python3.8/lzma.py first seen with mtime 1694114419.0
File /usr/local/lib/python3.8/site-packages/celery/utils/dispatch/__init__.py first seen with mtime 1694299861.174531
File /usr/local/lib/python3.8/site-packages/django/db/models/functions/__init__.py first seen with mtime 1694299860.627531
File /usr/local/lib/python3.8/site-packages/sqlparse/tokens.py first seen with mtime 1694299859.627531
File /usr/local/lib/python3.8/lib-dynload/_datetime.cpython-38-aarch64-linux-gnu.so first seen with mtime 1694114410.0
File /usr/local/lib/python3.8/site-packages/django/template/__init__.py first seen with mtime 1694299860.637531
File /usr/local/lib/python3.8/site-packages/django/utils/numberformat.py first seen with mtime 1694299860.645531
File /usr/local/lib/python3.8/email/__init__.py first seen with mtime 1694114421.0
File /usr/local/lib/python3.8/logging/handlers.py first seen with mtime 1694114421.0
File /usr/local/lib/python3.8/site-packages/django/contrib/admin/templatetags/admin_list.py first seen with mtime 1694299860.410531
File /usr/local/lib/python3.8/site-packages/django/core/mail/utils.py first seen with mtime 1694299860.612531
File /usr/local/lib/python3.8/site-packages/amqp/__init__.py first seen with mtime 1694299860.193531
File /usr/local/lib/python3.8/lib-dynload/_json.cpython-38-aarch64-linux-gnu.so first seen with mtime 1694114409.0
File /usr/local/lib/python3.8/site-packages/amqp/transport.py first seen with mtime 1694299860.194531
File /usr/local/lib/python3.8/encodings/utf_8.py first seen with mtime 1694114421.0
File /usr/local/lib/python3.8/site-packages/django/contrib/contenttypes/management/__init__.py first seen with mtime 1694299860.472531
File /usr/local/lib/python3.8/site-packages/django/utils/deconstruct.py first seen with mtime 1694299860.643531
File /usr/local/lib/python3.8/keyword.py first seen with mtime 1694114419.0
File /usr/local/lib/python3.8/site-packages/sqlparse/cli.py first seen with mtime 1694299859.6265311
File /usr/local/lib/python3.8/site-packages/sqlparse/sql.py first seen with mtime 1694299859.627531
File /usr/local/lib/python3.8/site-packages/requests/models.py first seen with mtime 1694299860.046531
File /usr/local/lib/python3.8/site-packages/django/db/backends/ddl_references.py first seen with mtime 1694299860.616531
File /usr/local/lib/python3.8/struct.py first seen with mtime 1694114419.0
File /usr/local/lib/python3.8/site-packages/django/utils/inspect.py first seen with mtime 1694299860.644531
File /usr/local/lib/python3.8/genericpath.py first seen with mtime 1694114419.0
File /usr/local/lib/python3.8/site-packages/urllib3/_base_connection.py first seen with mtime 1694299859.532531
File /usr/local/lib/python3.8/site-packages/django/contrib/staticfiles/management/commands/__init__.py first seen with mtime 1694299860.607531
File /usr/local/lib/python3.8/site-packages/django/db/models/constraints.py first seen with mtime 1694299860.624531
File /usr/local/lib/python3.8/site-packages/celery/__init__.py first seen with mtime 1694299861.161531
File /usr/local/lib/python3.8/site-packages/django/contrib/admin/templatetags/base.py first seen with mtime 1694299860.410531
File /usr/local/lib/python3.8/site-packages/django/db/models/indexes.py first seen with mtime 1694299860.624531
File /usr/local/lib/python3.8/site-packages/django/templatetags/__init__.py first seen with mtime 1694299860.640531
File /usr/local/lib/python3.8/site-packages/requests/__version__.py first seen with mtime 1694299860.045531
File /usr/local/lib/python3.8/site-packages/django/dispatch/dispatcher.py first seen with mtime 1694299860.629531
File /usr/local/lib/python3.8/http/__init__.py first seen with mtime 1694114421.0
File /usr/local/lib/python3.8/site-packages/django/template/defaulttags.py first seen with mtime 1694299860.638531
File /usr/local/lib/python3.8/site-packages/amqp/protocol.py first seen with mtime 1694299860.193531
File /usr/local/lib/python3.8/pickle.py first seen with mtime 1694114419.0
File /usr/local/lib/python3.8/asyncio/base_futures.py first seen with mtime 1694114420.0
File /usr/local/lib/python3.8/site-packages/django/utils/timesince.py first seen with mtime 1694299860.645531
File /app/backend/urls.py first seen with mtime 1694316167.744728
File /usr/local/lib/python3.8/site-packages/vine/__init__.py first seen with mtime 1694299859.526531
File /usr/local/lib/python3.8/site-packages/django/middleware/__init__.py first seen with mtime 1694299860.637531
File /usr/local/lib/python3.8/site-packages/django/utils/formats.py first seen with mtime 1694299860.644531
File /usr/local/lib/python3.8/site-packages/soupsieve/css_parser.py first seen with mtime 1694299859.645531
File /usr/local/lib/python3.8/lib-dynload/_posixsubprocess.cpython-38-aarch64-linux-gnu.so first seen with mtime 1694114410.0
File /usr/local/lib/python3.8/site-packages/django/template/smartif.py first seen with mtime 1694299860.639531
File /usr/local/lib/python3.8/lib-dynload/binascii.cpython-38-aarch64-linux-gnu.so first seen with mtime 1694114412.0
File /usr/local/lib/python3.8/site-packages/django/contrib/auth/validators.py first seen with mtime 1694299860.433531
File /usr/local/lib/python3.8/site-packages/django/db/models/fields/__init__.py first seen with mtime 1694299860.6265311
File /usr/local/lib/python3.8/lib-dynload/_hashlib.cpython-38-aarch64-linux-gnu.so first seen with mtime 1694114411.0
File /usr/local/lib/python3.8/site-packages/django/db/models/sql/compiler.py first seen with mtime 1694299860.628531
File /usr/local/lib/python3.8/site-packages/django/templatetags/i18n.py first seen with mtime 1694299860.640531
File /usr/local/lib/python3.8/lib-dynload/_socket.cpython-38-aarch64-linux-gnu.so first seen with mtime 1694114412.0
File /usr/local/lib/python3.8/email/feedparser.py first seen with mtime 1694114421.0
File /usr/local/lib/python3.8/pprint.py first seen with mtime 1694114419.0
File /usr/local/lib/python3.8/contextvars.py first seen with mtime 1694114419.0
File /usr/local/lib/python3.8/site-packages/django/contrib/auth/apps.py first seen with mtime 1694299860.431531
File /usr/local/lib/python3.8/email/mime/base.py first seen with mtime 1694114421.0
File /usr/local/lib/python3.8/lib-dynload/_lzma.cpython-38-aarch64-linux-gnu.so first seen with mtime 1694114413.0
File /usr/local/lib/python3.8/asyncio/base_subprocess.py first seen with mtime 1694114420.0
File /usr/local/lib/python3.8/site-packages/pika/spec.py first seen with mtime 1694299859.841531
File /usr/local/lib/python3.8/email/_header_value_parser.py first seen with mtime 1694114421.0
File /usr/local/lib/python3.8/fractions.py first seen with mtime 1694114419.0
File /usr/local/lib/python3.8/site-packages/django/template/loader.py first seen with mtime 1694299860.638531
File /usr/local/lib/python3.8/site-packages/django/utils/asyncio.py first seen with mtime 1694299860.642531
File /usr/local/lib/python3.8/site-packages/pika/diagnostic_utils.py first seen with mtime 1694299859.840531
File /usr/local/lib/python3.8/configparser.py first seen with mtime 1694114419.0
File /usr/local/lib/python3.8/site-packages/django/db/backends/sqlite3/introspection.py first seen with mtime 1694299860.621531
File /usr/local/lib/python3.8/enum.py first seen with mtime 1694114419.0
File /usr/local/lib/python3.8/site-packages/django/contrib/staticfiles/apps.py first seen with mtime 1694299860.607531
File /usr/local/lib/python3.8/site-packages/django/views/decorators/__init__.py first seen with mtime 1694299860.646531
File /usr/local/lib/python3.8/encodings/aliases.py first seen with mtime 1694114420.0
File /usr/local/lib/python3.8/ctypes/__init__.py first seen with mtime 1694114421.0
File /usr/local/lib/python3.8/bz2.py first seen with mtime 1694114419.0
File /usr/local/lib/python3.8/site-packages/django_prometheus/__init__.py first seen with mtime 1694299860.122531
File /usr/local/lib/python3.8/site-packages/pika/frame.py first seen with mtime 1694299859.841531
File /usr/local/lib/python3.8/site-packages/django/db/models/manager.py first seen with mtime 1694299860.625531
File /usr/local/lib/python3.8/site-packages/django/template/backends/base.py first seen with mtime 1694299860.639531
File /usr/local/lib/python3.8/site-packages/pika/heartbeat.py first seen with mtime 1694299859.841531
File /usr/local/lib/python3.8/lib-dynload/_sha512.cpython-38-aarch64-linux-gnu.so first seen with mtime 1694114411.0
File /usr/local/lib/python3.8/site-packages/urllib3/_version.py first seen with mtime 1694299859.532531
File /usr/local/lib/python3.8/wsgiref/handlers.py first seen with mtime 1694114421.0
File /usr/local/lib/python3.8/site-packages/django/core/handlers/base.py first seen with mtime 1694299860.612531
File /usr/local/lib/python3.8/site-packages/soupsieve/__init__.py first seen with mtime 1694299859.644531
File /usr/local/lib/python3.8/site-packages/kombu/exceptions.py first seen with mtime 1694299860.208531
File /usr/local/lib/python3.8/site-packages/kombu/serialization.py first seen with mtime 1694299860.209531
File /usr/local/lib/python3.8/site-packages/django/db/models/functions/text.py first seen with mtime 1694299860.627531
File /usr/local/lib/python3.8/site-packages/django/db/backends/base/__init__.py first seen with mtime 1694299860.617531
File /usr/local/lib/python3.8/concurrent/futures/__init__.py first seen with mtime 1694114420.0
File /usr/local/lib/python3.8/opcode.py first seen with mtime 1694114419.0
File /usr/local/lib/python3.8/sre_parse.py first seen with mtime 1694114419.0
File /usr/local/lib/python3.8/site-packages/celery/utils/term.py first seen with mtime 1694299861.173531
File /usr/local/lib/python3.8/site-packages/django/db/migrations/operations/base.py first seen with mtime 1694299860.623531
File /usr/local/lib/python3.8/asyncio/tasks.py first seen with mtime 1694114420.0
File /usr/local/lib/python3.8/site-packages/certifi/__init__.py first seen with mtime 1694299859.997531
File /usr/local/lib/python3.8/site-packages/django/templatetags/static.py first seen with mtime 1694299860.640531
File /usr/local/lib/python3.8/site-packages/django/urls/base.py first seen with mtime 1694299860.641531
File /usr/local/lib/python3.8/asyncio/log.py first seen with mtime 1694114420.0
File /usr/local/lib/python3.8/hmac.py first seen with mtime 1694114419.0
File /usr/local/lib/python3.8/site-packages/django/contrib/sessions/backends/base.py first seen with mtime 1694299860.571531
File /usr/local/lib/python3.8/urllib/error.py first seen with mtime 1694114421.0
File /usr/local/lib/python3.8/site-packages/django/core/checks/security/sessions.py first seen with mtime 1694299860.610531
File /usr/local/lib/python3.8/site-packages/django/contrib/auth/checks.py first seen with mtime 1694299860.431531
File /usr/local/lib/python3.8/importlib/__init__.py first seen with mtime 1694114420.0
File /usr/local/lib/python3.8/site-packages/requests/cookies.py first seen with mtime 1694299860.046531
File /usr/local/lib/python3.8/site-packages/django/utils/version.py first seen with mtime 1694299860.645531
File /usr/local/lib/python3.8/site-packages/whitenoise/string_utils.py first seen with mtime 1694299859.517531
File /usr/local/lib/python3.8/site-packages/django/db/backends/sqlite3/features.py first seen with mtime 1694299860.621531
File /usr/local/lib/python3.8/site-packages/sqlparse/__init__.py first seen with mtime 1694299859.6265311
File /usr/local/lib/python3.8/locale.py first seen with mtime 1694114419.0
File /usr/local/lib/python3.8/reprlib.py first seen with mtime 1694114419.0
File /usr/local/lib/python3.8/_compression.py first seen with mtime 1694114419.0
File /usr/local/lib/python3.8/site-packages/prometheus_client/platform_collector.py first seen with mtime 1694299859.818531
File /usr/local/lib/python3.8/site-packages/django/contrib/contenttypes/__init__.py first seen with mtime 1694299860.4555311
File /usr/local/lib/python3.8/ast.py first seen with mtime 1694114419.0
File /usr/local/lib/python3.8/site-packages/django/views/__init__.py first seen with mtime 1694299860.646531
File /usr/local/lib/python3.8/site-packages/celery/utils/objects.py first seen with mtime 1694299861.173531
File /usr/local/lib/python3.8/site-packages/kombu/utils/__init__.py first seen with mtime 1694299860.213531
File /usr/local/lib/python3.8/warnings.py first seen with mtime 1694114419.0
File /usr/local/lib/python3.8/csv.py first seen with mtime 1694114419.0
File /usr/local/lib/python3.8/site-packages/celery/utils/serialization.py first seen with mtime 1694299861.173531
File /usr/local/lib/python3.8/site-packages/django/contrib/staticfiles/checks.py first seen with mtime 1694299860.607531
File /usr/local/lib/python3.8/site-packages/django/apps/__init__.py first seen with mtime 1694299860.298531
File /usr/local/lib/python3.8/site-packages/django/contrib/auth/decorators.py first seen with mtime 1694299860.432531
File /usr/local/lib/python3.8/site-packages/django/db/backends/signals.py first seen with mtime 1694299860.616531
File /usr/local/lib/python3.8/site-packages/idna/idnadata.py first seen with mtime 1694299859.8995311
File /usr/local/lib/python3.8/site-packages/urllib3/util/__init__.py first seen with mtime 1694299859.534531
File /usr/local/lib/python3.8/site-packages/click/__init__.py first seen with mtime 1694299859.947531
File /usr/local/lib/python3.8/site-packages/dateutil/_version.py first seen with mtime 1694299860.063531
File /usr/local/lib/python3.8/lib-dynload/_pickle.cpython-38-aarch64-linux-gnu.so first seen with mtime 1694114410.0
File /usr/local/lib/python3.8/site-packages/django/db/models/query.py first seen with mtime 1694299860.625531
File /usr/local/lib/python3.8/site-packages/bs4/formatter.py first seen with mtime 1694299860.148531
File /usr/local/lib/python3.8/site-packages/django/core/files/base.py first seen with mtime 1694299860.611531
File /usr/local/lib/python3.8/site-packages/kombu/pools.py first seen with mtime 1694299860.209531
File /usr/local/lib/python3.8/lib-dynload/_bisect.cpython-38-aarch64-linux-gnu.so first seen with mtime 1694114408.0
File /usr/local/lib/python3.8/multiprocessing/process.py first seen with mtime 1694114421.0
File /usr/local/lib/python3.8/queue.py first seen with mtime 1694114419.0
File /usr/local/lib/python3.8/site-packages/django/db/models/functions/comparison.py first seen with mtime 1694299860.627531
File /usr/local/lib/python3.8/site-packages/sqlparse/engine/grouping.py first seen with mtime 1694299859.627531
File /app/my_app/__init__.py first seen with mtime 1693867473.057326
File /usr/local/lib/python3.8/site-packages/django/contrib/staticfiles/utils.py first seen with mtime 1694299860.607531
File /usr/local/lib/python3.8/site-packages/urllib3/util/ssltransport.py first seen with mtime 1694299859.534531
File /usr/local/lib/python3.8/site-packages/django/contrib/auth/management/__init__.py first seen with mtime 1694299860.454531
File /usr/local/lib/python3.8/site-packages/django/utils/text.py first seen with mtime 1694299860.645531
File /usr/local/lib/python3.8/site-packages/amqp/channel.py first seen with mtime 1694299860.193531
File /usr/local/lib/python3.8/site-packages/pika/delivery_mode.py first seen with mtime 1694299859.840531
File /usr/local/lib/python3.8/site-packages/urllib3/util/timeout.py first seen with mtime 1694299859.534531
File /usr/local/lib/python3.8/site-packages/django/utils/duration.py first seen with mtime 1694299860.643531
File /usr/local/lib/python3.8/site-packages/django/contrib/messages/storage/base.py first seen with mtime 1694299860.537531
File /usr/local/lib/python3.8/asyncio/constants.py first seen with mtime 1694114420.0
File /usr/local/lib/python3.8/site-packages/django/urls/utils.py first seen with mtime 1694299860.642531
File /usr/local/lib/python3.8/site-packages/bs4/element.py first seen with mtime 1694299860.148531
File /usr/local/lib/python3.8/site-packages/dateutil/tz/_common.py first seen with mtime 1694299860.065531
File /usr/local/lib/python3.8/site-packages/django/contrib/contenttypes/fields.py first seen with mtime 1694299860.4555311
File /usr/local/lib/python3.8/lib-dynload/_contextvars.cpython-38-aarch64-linux-gnu.so first seen with mtime 1694114408.0
File /usr/local/lib/python3.8/argparse.py first seen with mtime 1694114419.0
File /usr/local/lib/python3.8/lib-dynload/_decimal.cpython-38-aarch64-linux-gnu.so first seen with mtime 1694114419.0
File /usr/local/lib/python3.8/site-packages/django/core/checks/urls.py first seen with mtime 1694299860.610531
File /usr/local/lib/python3.8/site-packages/django/middleware/http.py first seen with mtime 1694299860.637531
File /usr/local/lib/python3.8/site-packages/urllib3/util/proxy.py first seen with mtime 1694299859.534531
File /usr/local/lib/python3.8/site-packages/django/template/response.py first seen with mtime 1694299860.639531
File /usr/local/lib/python3.8/site-packages/django/middleware/csrf.py first seen with mtime 1694299860.637531
File /usr/local/lib/python3.8/ssl.py first seen with mtime 1694114419.0
File /usr/local/lib/python3.8/site-packages/django/core/checks/async_checks.py first seen with mtime 1694299860.609531
File /usr/local/lib/python3.8/site-packages/billiard/util.py first seen with mtime 1694299860.004531
File /usr/local/lib/python3.8/site-packages/django/core/serializers/base.py first seen with mtime 1694299860.615531
File /usr/local/lib/python3.8/site-packages/amqp/spec.py first seen with mtime 1694299860.194531
File /usr/local/lib/python3.8/site-packages/django/forms/widgets.py first seen with mtime 1694299860.630531
File /usr/local/lib/python3.8/site-packages/django/utils/itercompat.py first seen with mtime 1694299860.644531
File /usr/local/lib/python3.8/site-packages/django/core/exceptions.py first seen with mtime 1694299860.608531
File /usr/local/lib/python3.8/site-packages/django/db/backends/base/validation.py first seen with mtime 1694299860.618531
File /usr/local/lib/python3.8/site-packages/django/core/management/commands/runserver.py first seen with mtime 1694299860.615531
File /usr/local/lib/python3.8/site-packages/idna/__init__.py first seen with mtime 1694299859.898531
File /usr/local/lib/python3.8/site-packages/django/contrib/contenttypes/views.py first seen with mtime 1694299860.456531
File /usr/local/lib/python3.8/site-packages/django/contrib/staticfiles/handlers.py first seen with mtime 1694299860.607531
File /usr/local/lib/python3.8/site-packages/django/contrib/auth/admin.py first seen with mtime 1694299860.431531
File /usr/local/lib/python3.8/site-packages/pika/__init__.py first seen with mtime 1694299859.839531
File /usr/local/lib/python3.8/site-packages/django/core/mail/__init__.py first seen with mtime 1694299860.612531
File /usr/local/lib/python3.8/site-packages/urllib3/connectionpool.py first seen with mtime 1694299859.532531
File /usr/local/lib/python3.8/site-packages/urllib3/util/wait.py first seen with mtime 1694299859.535531
File /usr/local/lib/python3.8/site-packages/charset_normalizer/models.py first seen with mtime 1694299859.981531
File /usr/local/lib/python3.8/site-packages/django/contrib/auth/tokens.py first seen with mtime 1694299860.433531
File /usr/local/lib/python3.8/site-packages/django/http/__init__.py first seen with mtime 1694299860.636531
File /usr/local/lib/python3.8/lib-dynload/_statistics.cpython-38-aarch64-linux-gnu.so first seen with mtime 1694114409.0
File /usr/local/lib/python3.8/_compat_pickle.py first seen with mtime 1694114419.0
File /usr/local/lib/python3.8/base64.py first seen with mtime 1694114419.0
File /usr/local/lib/python3.8/multiprocessing/reduction.py first seen with mtime 1694114421.0
File /usr/local/lib/python3.8/site-packages/prometheus_client/multiprocess.py first seen with mtime 1694299859.818531
File /usr/local/lib/python3.8/site-packages/billiard/context.py first seen with mtime 1694299860.002531
File /usr/local/lib/python3.8/site-packages/django/views/static.py first seen with mtime 1694299860.646531
File /usr/local/lib/python3.8/site-packages/django/contrib/auth/middleware.py first seen with mtime 1694299860.432531
File /usr/local/lib/python3.8/site-packages/django/core/handlers/asgi.py first seen with mtime 1694299860.612531
File /usr/local/lib/python3.8/site-packages/django/core/servers/__init__.py first seen with mtime 1694299860.616531
File /usr/local/lib/python3.8/site-packages/idna/intranges.py first seen with mtime 1694299859.8995311
File /usr/local/lib/python3.8/site-packages/django/db/backends/base/operations.py first seen with mtime 1694299860.617531
File /usr/local/lib/python3.8/site-packages/django/views/decorators/debug.py first seen with mtime 1694299860.647531
File /usr/local/lib/python3.8/asyncio/sslproto.py first seen with mtime 1694114420.0
File /usr/local/lib/python3.8/site-packages/celery/loaders/__init__.py first seen with mtime 1694299861.171531
File /usr/local/lib/python3.8/site-packages/corsheaders/apps.py first seen with mtime 1694299861.154531
File /usr/local/lib/python3.8/email/encoders.py first seen with mtime 1694114421.0
File /usr/local/lib/python3.8/site-packages/django/db/models/fields/mixins.py first seen with mtime 1694299860.6265311
File /usr/local/lib/python3.8/site-packages/django/contrib/admin/helpers.py first seen with mtime 1694299860.345531
File /usr/local/lib/python3.8/site-packages/prometheus_client/samples.py first seen with mtime 1694299859.819531
File /usr/local/lib/python3.8/site-packages/pika/adapters/base_connection.py first seen with mtime 1694299859.841531
File /app/my_app/views.py first seen with mtime 1694316004.3147907
File /usr/local/lib/python3.8/site-packages/django/views/decorators/http.py first seen with mtime 1694299860.647531
File /usr/local/lib/python3.8/sre_compile.py first seen with mtime 1694114419.0
File /usr/local/lib/python3.8/site-packages/django/utils/encoding.py first seen with mtime 1694299860.643531
File /usr/local/lib/python3.8/email/generator.py first seen with mtime 1694114421.0
File /usr/local/lib/python3.8/site-packages/pika/adapters/utils/connection_workflow.py first seen with mtime 1694299859.843531
File /usr/local/lib/python3.8/stat.py first seen with mtime 1694114419.0
File /usr/local/lib/python3.8/site-packages/django/db/migrations/migration.py first seen with mtime 1694299860.622531
File /usr/local/lib/python3.8/site-packages/backports/zoneinfo/__init__.py first seen with mtime 1694299860.038531
File /usr/local/lib/python3.8/site-packages/django/contrib/sessions/base_session.py first seen with mtime 1694299860.571531
File /usr/local/lib/python3.8/site-packages/django/utils/_os.py first seen with mtime 1694299860.642531
File /usr/local/lib/python3.8/site-packages/django/db/models/fields/files.py first seen with mtime 1694299860.6265311
File /usr/local/lib/python3.8/asyncio/base_events.py first seen with mtime 1694114420.0
File /usr/local/lib/python3.8/site-packages/backports/__init__.py first seen with mtime 1694299860.037531
File /usr/local/lib/python3.8/site-packages/django/views/generic/edit.py first seen with mtime 1694299860.647531
File /usr/local/lib/python3.8/site-packages/django/contrib/admin/models.py first seen with mtime 1694299860.346531
File /usr/local/lib/python3.8/site-packages/sqlparse/filters/reindent.py first seen with mtime 1694299859.627531
File /usr/local/lib/python3.8/site-packages/django/db/utils.py first seen with mtime 1694299860.616531
File /usr/local/lib/python3.8/site-packages/django/utils/decorators.py first seen with mtime 1694299860.643531
File /usr/local/lib/python3.8/site-packages/kombu/utils/collections.py first seen with mtime 1694299860.213531
File /usr/local/lib/python3.8/site-packages/django/contrib/auth/password_validation.py first seen with mtime 1694299860.432531
File /usr/local/lib/python3.8/site-packages/django/contrib/admin/exceptions.py first seen with mtime 1694299860.345531
File /usr/local/lib/python3.8/site-packages/prometheus_client/context_managers.py first seen with mtime 1694299859.817531
File /usr/local/lib/python3.8/site-packages/pika/exchange_type.py first seen with mtime 1694299859.841531
File /usr/local/lib/python3.8/site-packages/celery/utils/time.py first seen with mtime 1694299861.173531
File /usr/local/lib/python3.8/site-packages/requests/adapters.py first seen with mtime 1694299860.046531
File /usr/local/lib/python3.8/site-packages/django/contrib/sites/__init__.py first seen with mtime 1694299860.590531
File /usr/local/lib/python3.8/site-packages/django/template/exceptions.py first seen with mtime 1694299860.638531
File /usr/local/lib/python3.8/site-packages/bs4/builder/_htmlparser.py first seen with mtime 1694299860.148531
File /usr/local/lib/python3.8/site-packages/django/urls/converters.py first seen with mtime 1694299860.642531
File /usr/local/lib/python3.8/site-packages/django/http/cookie.py first seen with mtime 1694299860.636531
File /usr/local/lib/python3.8/site-packages/django/templatetags/l10n.py first seen with mtime 1694299860.640531
File /usr/local/lib/python3.8/site-packages/pika/data.py first seen with mtime 1694299859.840531
File /usr/local/lib/python3.8/site-packages/prometheus_client/metrics_core.py first seen with mtime 1694299859.818531
File /usr/local/lib/python3.8/site-packages/django/contrib/admin/templatetags/log.py first seen with mtime 1694299860.410531
File /usr/local/lib/python3.8/site-packages/amqp/exceptions.py first seen with mtime 1694299860.193531
File /usr/local/lib/python3.8/site-packages/requests/utils.py first seen with mtime 1694299860.0475311
File /usr/local/lib/python3.8/site-packages/django/conf/__init__.py first seen with mtime 1694299860.299531
File /usr/local/lib/python3.8/site-packages/django/core/checks/security/__init__.py first seen with mtime 1694299860.610531
File /usr/local/lib/python3.8/site-packages/django/db/backends/sqlite3/base.py first seen with mtime 1694299860.621531
File /usr/local/lib/python3.8/site-packages/django/core/files/uploadedfile.py first seen with mtime 1694299860.611531
File /usr/local/lib/python3.8/site-packages/celery/app/backends.py first seen with mtime 1694299861.163531
File /usr/local/lib/python3.8/site-packages/django/contrib/admin/templatetags/admin_modify.py first seen with mtime 1694299860.410531
File /usr/local/lib/python3.8/site-packages/django/core/signals.py first seen with mtime 1694299860.608531
File /usr/local/lib/python3.8/site-packages/urllib3/util/retry.py first seen with mtime 1694299859.534531
File /usr/local/lib/python3.8/site-packages/celery/exceptions.py first seen with mtime 1694299861.162531
File /usr/local/lib/python3.8/dis.py first seen with mtime 1694114419.0
File /usr/local/lib/python3.8/site-packages/django/contrib/contenttypes/forms.py first seen with mtime 1694299860.4555311
File /usr/local/lib/python3.8/asyncio/protocols.py first seen with mtime 1694114420.0
File /usr/local/lib/python3.8/site-packages/celery/local.py first seen with mtime 1694299861.162531
File /usr/local/lib/python3.8/site-packages/django/contrib/admin/templatetags/__init__.py first seen with mtime 1694299860.410531
File /usr/local/lib/python3.8/site-packages/django/db/models/signals.py first seen with mtime 1694299860.625531
File /usr/local/lib/python3.8/site-packages/click/types.py first seen with mtime 1694299859.949531
File /usr/local/lib/python3.8/site-packages/celery/utils/imports.py first seen with mtime 1694299861.173531
File /usr/local/lib/python3.8/site-packages/django/utils/translation/reloader.py first seen with mtime 1694299860.646531
File /usr/local/lib/python3.8/site-packages/celery/fixups/__init__.py first seen with mtime 1694299861.171531
File /usr/local/lib/python3.8/site-packages/django/core/checks/registry.py first seen with mtime 1694299860.610531
File /usr/local/lib/python3.8/site-packages/django/core/cache/utils.py first seen with mtime 1694299860.609531
File /usr/local/lib/python3.8/site-packages/django/utils/ipv6.py first seen with mtime 1694299860.644531
File /usr/local/lib/python3.8/site-packages/soupsieve/__meta__.py first seen with mtime 1694299859.644531
File /usr/local/lib/python3.8/wsgiref/util.py first seen with mtime 1694114421.0
File /usr/local/lib/python3.8/email/mime/message.py first seen with mtime 1694114421.0
File /usr/local/lib/python3.8/site-packages/prometheus_client/decorator.py first seen with mtime 1694299859.818531
File /usr/local/lib/python3.8/site-packages/django/core/handlers/exception.py first seen with mtime 1694299860.612531
File /usr/local/lib/python3.8/asyncio/subprocess.py first seen with mtime 1694114420.0
File /usr/local/lib/python3.8/lib-dynload/math.cpython-38-aarch64-linux-gnu.so first seen with mtime 1694114409.0
File /usr/local/lib/python3.8/site-packages/django/utils/regex_helper.py first seen with mtime 1694299860.645531
File /usr/local/lib/python3.8/site-packages/urllib3/exceptions.py first seen with mtime 1694299859.532531
File /usr/local/lib/python3.8/site-packages/celery/app/autoretry.py first seen with mtime 1694299861.163531
File /usr/local/lib/python3.8/numbers.py first seen with mtime 1694114419.0
File /usr/local/lib/python3.8/site-packages/kombu/utils/functional.py first seen with mtime 1694299860.213531
File /usr/local/lib/python3.8/email/policy.py first seen with mtime 1694114421.0
File /usr/local/lib/python3.8/bisect.py first seen with mtime 1694114419.0
File /usr/local/lib/python3.8/site-packages/django/core/signing.py first seen with mtime 1694299860.608531
File /usr/local/lib/python3.8/email/quoprimime.py first seen with mtime 1694114421.0
File /usr/local/lib/python3.8/site-packages/django/db/backends/base/introspection.py first seen with mtime 1694299860.617531
File /usr/local/lib/python3.8/logging/config.py first seen with mtime 1694114421.0
File /usr/local/lib/python3.8/encodings/idna.py first seen with mtime 1694114420.0
File /usr/local/lib/python3.8/site-packages/urllib3/util/response.py first seen with mtime 1694299859.534531
File /usr/local/lib/python3.8/site-packages/django/core/wsgi.py first seen with mtime 1694299860.608531
File /usr/local/lib/python3.8/site-packages/charset_normalizer/version.py first seen with mtime 1694299859.980531
File /usr/local/lib/python3.8/site-packages/corsheaders/conf.py first seen with mtime 1694299861.154531
File /usr/local/lib/python3.8/site-packages/django/forms/utils.py first seen with mtime 1694299860.630531
File /usr/local/lib/python3.8/site-packages/prometheus_client/metrics.py first seen with mtime 1694299859.818531
File /usr/local/lib/python3.8/site-packages/urllib3/util/request.py first seen with mtime 1694299859.534531
File /usr/local/lib/python3.8/site-packages/django/core/checks/translation.py first seen with mtime 1694299860.610531
File /usr/local/lib/python3.8/site-packages/sqlparse/keywords.py first seen with mtime 1694299859.6265311
File /usr/local/lib/python3.8/site-packages/kombu/utils/json.py first seen with mtime 1694299860.213531
File /usr/local/lib/python3.8/site-packages/django/db/backends/sqlite3/client.py first seen with mtime 1694299860.621531
File /usr/local/lib/python3.8/site-packages/celery/fixups/django.py first seen with mtime 1694299861.171531
File /usr/local/lib/python3.8/email/base64mime.py first seen with mtime 1694114421.0
File /usr/local/lib/python3.8/site-packages/django/contrib/staticfiles/__init__.py first seen with mtime 1694299860.607531
File /usr/local/lib/python3.8/html/__init__.py first seen with mtime 1694114421.0
File /usr/local/lib/python3.8/lib-dynload/unicodedata.cpython-38-aarch64-linux-gnu.so first seen with mtime 1694114410.0
File /usr/local/lib/python3.8/site-packages/sqlparse/filters/right_margin.py first seen with mtime 1694299859.627531
File /usr/local/lib/python3.8/site-packages/bs4/css.py first seen with mtime 1694299860.147531
File /usr/local/lib/python3.8/site-packages/pika/channel.py first seen with mtime 1694299859.840531
File /usr/local/lib/python3.8/calendar.py first seen with mtime 1694114419.0
File /usr/local/lib/python3.8/site-packages/django/contrib/admin/views/autocomplete.py first seen with mtime 1694299860.410531
File /usr/local/lib/python3.8/site-packages/django/contrib/sessions/apps.py first seen with mtime 1694299860.571531
File /usr/local/lib/python3.8/site-packages/charset_normalizer/constant.py first seen with mtime 1694299859.981531
File /usr/local/lib/python3.8/wsgiref/simple_server.py first seen with mtime 1694114421.0
File /usr/local/lib/python3.8/site-packages/billiard/process.py first seen with mtime 1694299860.004531
File /usr/local/lib/python3.8/ntpath.py first seen with mtime 1694114419.0
File /usr/local/lib/python3.8/json/scanner.py first seen with mtime 1694114421.0
File /usr/local/lib/python3.8/site-packages/urllib3/__init__.py first seen with mtime 1694299859.531531
File /usr/local/lib/python3.8/site-packages/django/db/migrations/operations/__init__.py first seen with mtime 1694299860.623531
File /usr/local/lib/python3.8/site-packages/django/urls/__init__.py first seen with mtime 1694299860.641531
File /usr/local/lib/python3.8/site-packages/django/db/backends/dummy/features.py first seen with mtime 1694299860.618531
File /usr/local/lib/python3.8/site-packages/urllib3/contrib/__init__.py first seen with mtime 1694299859.533531
File /usr/local/lib/python3.8/site-packages/django/db/models/base.py first seen with mtime 1694299860.624531
File /usr/local/lib/python3.8/site-packages/prometheus_client/process_collector.py first seen with mtime 1694299859.818531
File /usr/local/lib/python3.8/site-packages/django/db/models/aggregates.py first seen with mtime 1694299860.623531
File /usr/local/lib/python3.8/site-packages/django/db/backends/base/features.py first seen with mtime 1694299860.617531
File /usr/local/lib/python3.8/urllib/parse.py first seen with mtime 1694114421.0
File /usr/local/lib/python3.8/site-packages/django/db/migrations/utils.py first seen with mtime 1694299860.623531
File /usr/local/lib/python3.8/site-packages/corsheaders/middleware.py first seen with mtime 1694299861.154531
File /usr/local/lib/python3.8/site-packages/django/core/paginator.py first seen with mtime 1694299860.608531
File /usr/local/lib/python3.8/site-packages/django/views/generic/list.py first seen with mtime 1694299860.647531
File /usr/local/lib/python3.8/threading.py first seen with mtime 1694114419.0
File /usr/local/lib/python3.8/site-packages/django/contrib/contenttypes/models.py first seen with mtime 1694299860.456531
File /usr/local/lib/python3.8/site-packages/django/contrib/staticfiles/storage.py first seen with mtime 1694299860.607531
File /usr/local/lib/python3.8/site-packages/django/core/checks/compatibility/django_4_0.py first seen with mtime 1694299860.610531
File /usr/local/lib/python3.8/site-packages/whitenoise/base.py first seen with mtime 1694299859.517531
File /usr/local/lib/python3.8/http/cookies.py first seen with mtime 1694114421.0
File /usr/local/lib/python3.8/lib-dynload/fcntl.cpython-38-aarch64-linux-gnu.so first seen with mtime 1694114409.0
File /usr/local/lib/python3.8/socketserver.py first seen with mtime 1694114419.0
File /usr/local/lib/python3.8/site-packages/sqlparse/exceptions.py first seen with mtime 1694299859.6265311
File /usr/local/lib/python3.8/asyncio/exceptions.py first seen with mtime 1694114420.0
File /usr/local/lib/python3.8/asyncio/staggered.py first seen with mtime 1694114420.0
File /usr/local/lib/python3.8/site-packages/kombu/connection.py first seen with mtime 1694299860.208531
File /usr/local/lib/python3.8/site-packages/kombu/utils/objects.py first seen with mtime 1694299860.213531
File /usr/local/lib/python3.8/lib-dynload/termios.cpython-38-aarch64-linux-gnu.so first seen with mtime 1694114412.0
File /usr/local/lib/python3.8/site-packages/billiard/exceptions.py first seen with mtime 1694299860.003531
File /usr/local/lib/python3.8/site-packages/django/http/response.py first seen with mtime 1694299860.637531
File /usr/local/lib/python3.8/site-packages/django/template/loaders/filesystem.py first seen with mtime 1694299860.639531
File /usr/local/lib/python3.8/site-packages/django/views/generic/__init__.py first seen with mtime 1694299860.647531
File /usr/local/lib/python3.8/site-packages/pika/credentials.py first seen with mtime 1694299859.840531
File /usr/local/lib/python3.8/site-packages/urllib3/_request_methods.py first seen with mtime 1694299859.532531
File /usr/local/lib/python3.8/site-packages/requests/api.py first seen with mtime 1694299860.046531
File /usr/local/lib/python3.8/site-packages/click/exceptions.py first seen with mtime 1694299859.948531
File /usr/local/lib/python3.8/site-packages/certifi/core.py first seen with mtime 1694299859.998531
File /usr/local/lib/python3.8/site-packages/django/http/request.py first seen with mtime 1694299860.636531
File /usr/local/lib/python3.8/site-packages/urllib3/filepost.py first seen with mtime 1694299859.532531
File /app/my_app/models.py first seen with mtime 1694310571.23514
File /usr/local/lib/python3.8/hashlib.py first seen with mtime 1694114419.0
File /usr/local/lib/python3.8/site-packages/requests/structures.py first seen with mtime 1694299860.0475311
File /usr/local/lib/python3.8/asyncio/locks.py first seen with mtime 1694114420.0
File /usr/local/lib/python3.8/importlib/resources.py first seen with mtime 1694114420.0
File /usr/local/lib/python3.8/site-packages/django/utils/safestring.py first seen with mtime 1694299860.645531
File /usr/local/lib/python3.8/site-packages/django/db/models/fields/related_lookups.py first seen with mtime 1694299860.627531
File /usr/local/lib/python3.8/site-packages/django/db/backends/sqlite3/creation.py first seen with mtime 1694299860.621531
File /usr/local/lib/python3.8/site-packages/django/contrib/messages/apps.py first seen with mtime 1694299860.537531
File /usr/local/lib/python3.8/site-packages/dateutil/__init__.py first seen with mtime 1694299860.063531
File /usr/local/lib/python3.8/site-packages/django/core/files/storage/memory.py first seen with mtime 1694299860.611531
File /usr/local/lib/python3.8/site-packages/urllib3/fields.py first seen with mtime 1694299859.532531
File /usr/local/lib/python3.8/site-packages/django/contrib/messages/constants.py first seen with mtime 1694299860.537531
File /usr/local/lib/python3.8/site-packages/django/db/migrations/operations/fields.py first seen with mtime 1694299860.623531
File /usr/local/lib/python3.8/site-packages/django/utils/tree.py first seen with mtime 1694299860.645531
File /usr/local/lib/python3.8/site-packages/django/db/migrations/state.py first seen with mtime 1694299860.623531
File /usr/local/lib/python3.8/site-packages/kombu/utils/div.py first seen with mtime 1694299860.213531
File /usr/local/lib/python3.8/site-packages/dateutil/tz/__init__.py first seen with mtime 1694299860.064531
File /usr/local/lib/python3.8/site-packages/django/core/checks/security/csrf.py first seen with mtime 1694299860.610531
File /usr/local/lib/python3.8/lib-dynload/mmap.cpython-38-aarch64-linux-gnu.so first seen with mtime 1694114410.0
File /usr/local/lib/python3.8/pathlib.py first seen with mtime 1694114419.0
File /usr/local/lib/python3.8/getpass.py first seen with mtime 1694114419.0
File /usr/local/lib/python3.8/json/encoder.py first seen with mtime 1694114421.0
File /usr/local/lib/python3.8/site-packages/pika/compat.py first seen with mtime 1694299859.840531
File /usr/local/lib/python3.8/site-packages/django/contrib/admin/templatetags/admin_urls.py first seen with mtime 1694299860.410531
File /usr/local/lib/python3.8/site-packages/django/template/loaders/__init__.py first seen with mtime 1694299860.639531
File /usr/local/lib/python3.8/site-packages/django/contrib/sites/shortcuts.py first seen with mtime 1694299860.590531
File /usr/local/lib/python3.8/operator.py first seen with mtime 1694114419.0
File /usr/local/lib/python3.8/site-packages/prometheus_client/registry.py first seen with mtime 1694299859.819531
File /usr/local/lib/python3.8/textwrap.py first seen with mtime 1694114419.0
File /usr/local/lib/python3.8/site-packages/django/apps/registry.py first seen with mtime 1694299860.298531
File /usr/local/lib/python3.8/site-packages/asgiref/sync.py first seen with mtime 1694299860.185531
File /usr/local/lib/python3.8/site-packages/bs4/builder/__init__.py first seen with mtime 1694299860.148531
File /usr/local/lib/python3.8/site-packages/django/core/servers/basehttp.py first seen with mtime 1694299860.616531
File /usr/local/lib/python3.8/site-packages/django/contrib/auth/base_user.py first seen with mtime 1694299860.431531
File /usr/local/lib/python3.8/asyncio/__init__.py first seen with mtime 1694114420.0
File /usr/local/lib/python3.8/html/entities.py first seen with mtime 1694114421.0
File /usr/local/lib/python3.8/site-packages/billiard/__init__.py first seen with mtime 1694299860.002531
File /usr/local/lib/python3.8/site-packages/django/core/files/storage/filesystem.py first seen with mtime 1694299860.611531
File /usr/local/lib/python3.8/site-packages/kombu/compression.py first seen with mtime 1694299860.208531
File /usr/local/lib/python3.8/site-packages/celery/utils/nodenames.py first seen with mtime 1694299861.173531
File /usr/local/lib/python3.8/site-packages/typing_extensions.py first seen with mtime 1694299859.616531
File /usr/local/lib/python3.8/site-packages/django/core/serializers/__init__.py first seen with mtime 1694299860.615531
File /usr/local/lib/python3.8/site-packages/django/conf/locale/__init__.py first seen with mtime 1694299860.299531
File /usr/local/lib/python3.8/site-packages/django/templatetags/tz.py first seen with mtime 1694299860.640531
File /usr/local/lib/python3.8/site-packages/django/db/models/options.py first seen with mtime 1694299860.625531
File /usr/local/lib/python3.8/site-packages/prometheus_client/mmap_dict.py first seen with mtime 1694299859.818531
File /usr/local/lib/python3.8/site-packages/django/template/loaders/cached.py first seen with mtime 1694299860.639531
File /usr/local/lib/python3.8/site-packages/kombu/utils/uuid.py first seen with mtime 1694299860.214531
File /usr/local/lib/python3.8/site-packages/celery/app/builtins.py first seen with mtime 1694299861.164531
File /usr/local/lib/python3.8/site-packages/django/utils/timezone.py first seen with mtime 1694299860.645531
File /usr/local/lib/python3.8/site-packages/pika/exceptions.py first seen with mtime 1694299859.841531
File /usr/local/lib/python3.8/collections/abc.py first seen with mtime 1694114420.0
File /usr/local/lib/python3.8/lib-dynload/_opcode.cpython-38-aarch64-linux-gnu.so first seen with mtime 1694114409.0
File /usr/local/lib/python3.8/site-packages/urllib3/_collections.py first seen with mtime 1694299859.532531
File /usr/local/lib/python3.8/site-packages/django/forms/boundfield.py first seen with mtime 1694299860.629531
File /usr/local/lib/python3.8/site-packages/pika/adapters/__init__.py first seen with mtime 1694299859.841531
File /usr/local/lib/python3.8/site-packages/requests/auth.py first seen with mtime 1694299860.046531
File /usr/local/lib/python3.8/site-packages/django/views/i18n.py first seen with mtime 1694299860.646531
File /usr/local/lib/python3.8/site-packages/django/core/management/__init__.py first seen with mtime 1694299860.613531
File /usr/local/lib/python3.8/__future__.py first seen with mtime 1694114419.0
File /usr/local/lib/python3.8/site-packages/django/db/models/sql/subqueries.py first seen with mtime 1694299860.628531
File /usr/local/lib/python3.8/site-packages/bs4/__init__.py first seen with mtime 1694299860.147531
File /usr/local/lib/python3.8/mimetypes.py first seen with mtime 1694114419.0
File /usr/local/lib/python3.8/token.py first seen with mtime 1694114419.0
File /usr/local/lib/python3.8/site-packages/asgiref/local.py first seen with mtime 1694299860.184531
File /usr/local/lib/python3.8/site-packages/kombu/common.py first seen with mtime 1694299860.208531
File /usr/local/lib/python3.8/site-packages/django/__init__.py first seen with mtime 1694299860.298531
File /usr/local/lib/python3.8/site-packages/django/template/loaders/app_directories.py first seen with mtime 1694299860.639531
File /usr/local/lib/python3.8/site-packages/django/db/models/enums.py first seen with mtime 1694299860.624531
File /usr/local/lib/python3.8/site-packages/sqlparse/filters/aligned_indent.py first seen with mtime 1694299859.627531
File /usr/local/lib/python3.8/logging/__init__.py first seen with mtime 1694114421.0
File /usr/local/lib/python3.8/concurrent/futures/thread.py first seen with mtime 1694114420.0
File /usr/local/lib/python3.8/site-packages/kombu/abstract.py first seen with mtime 1694299860.207531
File /usr/local/lib/python3.8/_bootlocale.py first seen with mtime 1694114419.0
File /usr/local/lib/python3.8/site-packages/amqp/abstract_channel.py first seen with mtime 1694299860.193531
File /usr/local/lib/python3.8/site-packages/django/views/defaults.py first seen with mtime 1694299860.646531
File /usr/local/lib/python3.8/site-packages/django/views/generic/dates.py first seen with mtime 1694299860.647531
File /usr/local/lib/python3.8/site-packages/idna/core.py first seen with mtime 1694299859.898531
File /usr/local/lib/python3.8/lib-dynload/resource.cpython-38-aarch64-linux-gnu.so first seen with mtime 1694114412.0
File /usr/local/lib/python3.8/site-packages/django/core/cache/__init__.py first seen with mtime 1694299860.609531
File /usr/local/lib/python3.8/site-packages/django/core/checks/caches.py first seen with mtime 1694299860.609531
File /usr/local/lib/python3.8/site-packages/corsheaders/__init__.py first seen with mtime 1694299861.154531
File /usr/local/lib/python3.8/site-packages/django/core/files/storage/__init__.py first seen with mtime 1694299860.611531
File /usr/local/lib/python3.8/pkgutil.py first seen with mtime 1694114419.0
File /usr/local/lib/python3.8/site-packages/kombu/transport/__init__.py first seen with mtime 1694299860.210531
File /usr/local/lib/python3.8/lib-dynload/_multibytecodec.cpython-38-aarch64-linux-gnu.so first seen with mtime 1694114413.0
File /usr/local/lib/python3.8/site-packages/django/contrib/messages/utils.py first seen with mtime 1694299860.537531
File /usr/local/lib/python3.8/site-packages/django/contrib/admin/decorators.py first seen with mtime 1694299860.345531
File /usr/local/lib/python3.8/site-packages/django/core/files/temp.py first seen with mtime 1694299860.611531
File /usr/local/lib/python3.8/gzip.py first seen with mtime 1694114419.0
File /usr/local/lib/python3.8/site-packages/bs4/dammit.py first seen with mtime 1694299860.148531
File /usr/local/lib/python3.8/site.py first seen with mtime 1694114419.0
File /usr/local/lib/python3.8/site-packages/dateutil/tz/_factories.py first seen with mtime 1694299860.065531
File /usr/local/lib/python3.8/site-packages/prometheus_client/gc_collector.py first seen with mtime 1694299859.818531
File /usr/local/lib/python3.8/site-packages/pika/adapters/utils/selector_ioloop_adapter.py first seen with mtime 1694299859.843531
File /usr/local/lib/python3.8/site-packages/django/contrib/sessions/middleware.py first seen with mtime 1694299860.571531
File /usr/local/lib/python3.8/stringprep.py first seen with mtime 1694114419.0
File /usr/local/lib/python3.8/site-packages/django/contrib/admin/options.py first seen with mtime 1694299860.346531
File /usr/local/lib/python3.8/site-packages/prometheus_client/values.py first seen with mtime 1694299859.819531
File /usr/local/lib/python3.8/lib-dynload/zlib.cpython-38-aarch64-linux-gnu.so first seen with mtime 1694114412.0
File /usr/local/lib/python3.8/lib-dynload/_blake2.cpython-38-aarch64-linux-gnu.so first seen with mtime 1694114412.0
File /usr/local/lib/python3.8/lib-dynload/_ctypes.cpython-38-aarch64-linux-gnu.so first seen with mtime 1694114416.0
File /usr/local/lib/python3.8/site-packages/django/forms/__init__.py first seen with mtime 1694299860.629531
File /usr/local/lib/python3.8/site-packages/django/db/models/deletion.py first seen with mtime 1694299860.624531
File /usr/local/lib/python3.8/site-packages/django/db/models/sql/constants.py first seen with mtime 1694299860.628531
File /usr/local/lib/python3.8/site-packages/django/contrib/staticfiles/management/commands/runserver.py first seen with mtime 1694299860.608531
File /usr/local/lib/python3.8/site-packages/requests/hooks.py first seen with mtime 1694299860.046531
File /usr/local/lib/python3.8/site-packages/celery/utils/abstract.py first seen with mtime 1694299861.1725311
File /usr/local/lib/python3.8/email/mime/multipart.py first seen with mtime 1694114421.0
File /usr/local/lib/python3.8/lib-dynload/_ssl.cpython-38-aarch64-linux-gnu.so first seen with mtime 1694114412.0
File /usr/local/lib/python3.8/site-packages/django/db/backends/dummy/base.py first seen with mtime 1694299860.618531
File /usr/local/lib/python3.8/site-packages/django/db/migrations/recorder.py first seen with mtime 1694299860.622531
File /usr/local/lib/python3.8/http/client.py first seen with mtime 1694114421.0
File /usr/local/lib/python3.8/lib-dynload/_uuid.cpython-38-aarch64-linux-gnu.so first seen with mtime 1694114413.0
File /usr/local/lib/python3.8/site-packages/django/utils/translation/trans_real.py first seen with mtime 1694299860.646531
File /usr/local/lib/python3.8/site-packages/django/urls/conf.py first seen with mtime 1694299860.641531
File /usr/local/lib/python3.8/importlib/metadata.py first seen with mtime 1694114420.0
File /usr/local/lib/python3.8/site-packages/django/db/backends/base/base.py first seen with mtime 1694299860.617531
File /usr/local/lib/python3.8/site-packages/pika/tcp_socket_opts.py first seen with mtime 1694299859.841531
File /usr/local/lib/python3.8/_collections_abc.py first seen with mtime 1694114419.0
File /usr/local/lib/python3.8/site-packages/asgiref/__init__.py first seen with mtime 1694299860.184531
File /usr/local/lib/python3.8/collections/__init__.py first seen with mtime 1694114420.0
File /usr/local/lib/python3.8/lib-dynload/select.cpython-38-aarch64-linux-gnu.so first seen with mtime 1694114410.0
File /usr/local/lib/python3.8/site-packages/whitenoise/middleware.py first seen with mtime 1694299859.517531
File /usr/local/lib/python3.8/site-packages/django/template/loader_tags.py first seen with mtime 1694299860.638531
File /usr/local/lib/python3.8/site-packages/kombu/entity.py first seen with mtime 1694299860.208531
File /usr/local/lib/python3.8/site-packages/soupsieve/pretty.py first seen with mtime 1694299859.645531
File /usr/local/lib/python3.8/json/__init__.py first seen with mtime 1694114421.0
File /usr/local/lib/python3.8/site-packages/vine/utils.py first seen with mtime 1694299859.526531
File /usr/local/lib/python3.8/site-packages/django/core/cache/backends/__init__.py first seen with mtime 1694299860.609531
File /usr/local/lib/python3.8/site-packages/click/termui.py first seen with mtime 1694299859.948531
File /usr/local/lib/python3.8/email/_policybase.py first seen with mtime 1694114421.0
File /app/backend/__init__.py first seen with mtime 1693868485.5280755
File /usr/local/lib/python3.8/site-packages/django/core/files/utils.py first seen with mtime 1694299860.611531
File /usr/local/lib/python3.8/site-packages/kombu/utils/imports.py first seen with mtime 1694299860.213531
File /usr/local/lib/python3.8/site-packages/django/views/decorators/csrf.py first seen with mtime 1694299860.647531
File /usr/local/lib/python3.8/site-packages/urllib3/poolmanager.py first seen with mtime 1694299859.533531
File /usr/local/lib/python3.8/site-packages/django/core/cache/backends/locmem.py first seen with mtime 1694299860.609531
File /usr/local/lib/python3.8/site-packages/urllib3/response.py first seen with mtime 1694299859.533531
File /usr/local/lib/python3.8/site-packages/django/conf/global_settings.py first seen with mtime 1694299860.299531
File /usr/local/lib/python3.8/site-packages/django/core/files/images.py first seen with mtime 1694299860.611531
File /usr/local/lib/python3.8/subprocess.py first seen with mtime 1694114419.0
File /usr/local/lib/python3.8/asyncio/unix_events.py first seen with mtime 1694114420.0
File /usr/local/lib/python3.8/wsgiref/__init__.py first seen with mtime 1694114421.0
File /usr/local/lib/python3.8/site-packages/charset_normalizer/legacy.py first seen with mtime 1694299859.983531
File /usr/local/lib/python3.8/site-packages/django/core/checks/templates.py first seen with mtime 1694299860.610531
File /usr/local/lib/python3.8/lib-dynload/_queue.cpython-38-aarch64-linux-gnu.so first seen with mtime 1694114409.0
File /usr/local/lib/python3.8/site-packages/django/db/models/sql/datastructures.py first seen with mtime 1694299860.628531
File /usr/local/lib/python3.8/site-packages/django/utils/cache.py first seen with mtime 1694299860.642531
File /usr/local/lib/python3.8/urllib/__init__.py first seen with mtime 1694114421.0
File /usr/local/lib/python3.8/site-packages/django/dispatch/__init__.py first seen with mtime 1694299860.629531
File /usr/local/lib/python3.8/glob.py first seen with mtime 1694114419.0
File /usr/local/lib/python3.8/site-packages/django/forms/fields.py first seen with mtime 1694299860.629531
File /usr/local/lib/python3.8/asyncio/streams.py first seen with mtime 1694114420.0
File /usr/local/lib/python3.8/site-packages/django/contrib/messages/middleware.py first seen with mtime 1694299860.537531
File /usr/local/lib/python3.8/email/contentmanager.py first seen with mtime 1694114421.0
File /app/my_app/apps.py first seen with mtime 1693867473.0586834
File /usr/local/lib/python3.8/encodings/latin_1.py first seen with mtime 1694114421.0
File /usr/local/lib/python3.8/site-packages/charset_normalizer/api.py first seen with mtime 1694299859.980531
File /usr/local/lib/python3.8/copyreg.py first seen with mtime 1694114419.0
File /usr/local/lib/python3.8/site-packages/amqp/serialization.py first seen with mtime 1694299860.194531
File /usr/local/lib/python3.8/asyncio/futures.py first seen with mtime 1694114420.0
File /usr/local/lib/python3.8/site-packages/celery/app/registry.py first seen with mtime 1694299861.164531
File /usr/local/lib/python3.8/site-packages/django/db/backends/base/client.py first seen with mtime 1694299860.617531
File /usr/local/lib/python3.8/site-packages/django/views/debug.py first seen with mtime 1694299860.646531
File /usr/local/lib/python3.8/site-packages/sqlparse/filters/others.py first seen with mtime 1694299859.627531
File /usr/local/lib/python3.8/site-packages/click/globals.py first seen with mtime 1694299859.948531
File /usr/local/lib/python3.8/site-packages/django/core/files/uploadhandler.py first seen with mtime 1694299860.611531
File /usr/local/lib/python3.8/lib-dynload/_struct.cpython-38-aarch64-linux-gnu.so first seen with mtime 1694114409.0
File /usr/local/lib/python3.8/site-packages/django/views/csrf.py first seen with mtime 1694299860.646531
File /usr/local/lib/python3.8/site-packages/django/utils/crypto.py first seen with mtime 1694299860.643531
File /usr/local/lib/python3.8/site-packages/kombu/utils/encoding.py first seen with mtime 1694299860.213531
File /usr/local/lib/python3.8/tempfile.py first seen with mtime 1694114419.0
File /usr/local/lib/python3.8/site-packages/whitenoise/responders.py first seen with mtime 1694299859.517531
File /usr/local/lib/python3.8/statistics.py first seen with mtime 1694114419.0
File /usr/local/lib/python3.8/site-packages/django/contrib/contenttypes/checks.py first seen with mtime 1694299860.4555311
File /usr/local/lib/python3.8/lib-dynload/_random.cpython-38-aarch64-linux-gnu.so first seen with mtime 1694114409.0
File /usr/local/lib/python3.8/lib-dynload/array.cpython-38-aarch64-linux-gnu.so first seen with mtime 1694114409.0
File /usr/local/lib/python3.8/importlib/machinery.py first seen with mtime 1694114420.0
File /usr/local/lib/python3.8/site-packages/django/db/backends/utils.py first seen with mtime 1694299860.617531
File /usr/local/lib/python3.8/selectors.py first seen with mtime 1694114419.0
File /usr/local/lib/python3.8/string.py first seen with mtime 1694114419.0
File /usr/local/lib/python3.8/site-packages/django/utils/connection.py first seen with mtime 1694299860.643531
File /usr/local/lib/python3.8/uu.py first seen with mtime 1694114419.0
File /usr/local/lib/python3.8/site-packages/kombu/messaging.py first seen with mtime 1694299860.208531
File /usr/local/lib/python3.8/site-packages/requests/sessions.py first seen with mtime 1694299860.0475311
File /usr/local/lib/python3.8/site-packages/django/core/cache/backends/filebased.py first seen with mtime 1694299860.609531
File /usr/local/lib/python3.8/site-packages/django/db/migrations/loader.py first seen with mtime 1694299860.622531
File /usr/local/lib/python3.8/site-packages/django/contrib/messages/api.py first seen with mtime 1694299860.536531
File /usr/local/lib/python3.8/site-packages/django/contrib/sessions/__init__.py first seen with mtime 1694299860.571531
File /usr/local/lib/python3.8/site-packages/django/middleware/security.py first seen with mtime 1694299860.637531
File /usr/local/lib/python3.8/site-packages/django/contrib/auth/backends.py first seen with mtime 1694299860.431531
File /usr/local/lib/python3.8/site-packages/django/db/migrations/executor.py first seen with mtime 1694299860.622531
File /usr/local/lib/python3.8/abc.py first seen with mtime 1694114419.0
File /usr/local/lib/python3.8/site-packages/django/urls/exceptions.py first seen with mtime 1694299860.642531
File /usr/local/lib/python3.8/site-packages/pika/adapters/select_connection.py first seen with mtime 1694299859.842531
File /usr/local/lib/python3.8/site-packages/pika/adapters/utils/__init__.py first seen with mtime 1694299859.842531
File /usr/local/lib/python3.8/site-packages/sqlparse/engine/__init__.py first seen with mtime 1694299859.627531
File /usr/local/lib/python3.8/site-packages/requests/_internal_utils.py first seen with mtime 1694299860.046531
File /usr/local/lib/python3.8/email/mime/__init__.py first seen with mtime 1694114421.0
File /usr/local/lib/python3.8/lib-dynload/grp.cpython-38-aarch64-linux-gnu.so first seen with mtime 1694114409.0
File /usr/local/lib/python3.8/site-packages/prometheus_client/utils.py first seen with mtime 1694299859.819531
File /usr/local/lib/python3.8/site-packages/kombu/utils/url.py first seen with mtime 1694299860.214531
File /usr/local/lib/python3.8/site-packages/django/db/models/fields/related.py first seen with mtime 1694299860.6265311
File /usr/local/lib/python3.8/site-packages/django/shortcuts.py first seen with mtime 1694299860.298531
File /usr/local/lib/python3.8/lib-dynload/_csv.cpython-38-aarch64-linux-gnu.so first seen with mtime 1694114410.0
File /usr/local/lib/python3.8/site-packages/whitenoise/__init__.py first seen with mtime 1694299859.517531
File /usr/local/lib/python3.8/email/mime/nonmultipart.py first seen with mtime 1694114421.0
File /usr/local/lib/python3.8/site-packages/django_prometheus/models.py first seen with mtime 1694299860.122531
File /usr/local/lib/python3.8/site-packages/django/contrib/auth/__init__.py first seen with mtime 1694299860.431531
File /usr/local/lib/python3.8/_sitebuiltins.py first seen with mtime 1694114419.0
File /usr/local/lib/python3.8/site-packages/celery/app/defaults.py first seen with mtime 1694299861.164531
File /usr/local/lib/python3.8/site-packages/django/db/models/query_utils.py first seen with mtime 1694299860.625531
File /usr/local/lib/python3.8/site-packages/kombu/resource.py first seen with mtime 1694299860.209531
File /usr/local/lib/python3.8/site-packages/urllib3/util/url.py first seen with mtime 1694299859.535531
File /usr/local/lib/python3.8/wsgiref/headers.py first seen with mtime 1694114421.0
File /usr/local/lib/python3.8/site-packages/django/db/backends/sqlite3/_functions.py first seen with mtime 1694299860.621531
File /usr/local/lib/python3.8/ipaddress.py first seen with mtime 1694114419.0
File /usr/local/lib/python3.8/site-packages/django/core/files/move.py first seen with mtime 1694299860.611531
File /usr/local/lib/python3.8/site-packages/django/core/validators.py first seen with mtime 1694299860.608531
File /app/my_app/utils.py first seen with mtime 1694120316.2878327
File /usr/local/lib/python3.8/site-packages/django/core/serializers/json.py first seen with mtime 1694299860.616531
File /usr/local/lib/python3.8/site-packages/click/formatting.py first seen with mtime 1694299859.948531
File /usr/local/lib/python3.8/site-packages/django/template/backends/__init__.py first seen with mtime 1694299860.639531
File /usr/local/lib/python3.8/site-packages/django/db/backends/sqlite3/schema.py first seen with mtime 1694299860.621531
File /usr/local/lib/python3.8/site-packages/django/db/backends/base/creation.py first seen with mtime 1694299860.617531
File /usr/local/lib/python3.8/lib-dynload/_heapq.cpython-38-aarch64-linux-gnu.so first seen with mtime 1694114409.0
File /usr/local/lib/python3.8/site-packages/charset_normalizer/md__mypyc.cpython-38-aarch64-linux-gnu.so first seen with mtime 1694299859.983531
File /usr/local/lib/python3.8/site-packages/django/utils/topological_sort.py first seen with mtime 1694299860.645531
File /usr/local/lib/python3.8/signal.py first seen with mtime 1694114419.0
File /usr/local/lib/python3.8/multiprocessing/util.py first seen with mtime 1694114421.0
File /usr/local/lib/python3.8/site-packages/django/db/models/sql/query.py first seen with mtime 1694299860.628531
File /usr/local/lib/python3.8/site-packages/django/core/files/storage/mixins.py first seen with mtime 1694299860.611531
File /usr/local/lib/python3.8/platform.py first seen with mtime 1694114419.0
File /usr/local/lib/python3.8/site-packages/django/middleware/common.py first seen with mtime 1694299860.637531
File /usr/local/lib/python3.8/json/decoder.py first seen with mtime 1694114421.0
File /usr/local/lib/python3.8/typing.py first seen with mtime 1694114419.0
File /usr/local/lib/python3.8/zipfile.py first seen with mtime 1694114419.0
File /usr/local/lib/python3.8/site-packages/django/core/handlers/__init__.py first seen with mtime 1694299860.612531
File /usr/local/lib/python3.8/site-packages/django/forms/forms.py first seen with mtime 1694299860.629531
File /usr/local/lib/python3.8/site-packages/django/template/defaultfilters.py first seen with mtime 1694299860.638531
File /usr/local/lib/python3.8/site-packages/requests/status_codes.py first seen with mtime 1694299860.0475311
File /usr/local/lib/python3.8/site-packages/django/contrib/auth/hashers.py first seen with mtime 1694299860.432531
File /usr/local/lib/python3.8/site-packages/billiard/compat.py first seen with mtime 1694299860.002531
File /usr/local/lib/python3.8/site-packages/vine/abstract.py first seen with mtime 1694299859.526531
File /usr/local/lib/python3.8/asyncio/queues.py first seen with mtime 1694114420.0
File /usr/local/lib/python3.8/site-packages/kombu/utils/compat.py first seen with mtime 1694299860.213531
File /usr/local/lib/python3.8/site-packages/soupsieve/css_types.py first seen with mtime 1694299859.645531
File /usr/local/lib/python3.8/asyncio/events.py first seen with mtime 1694114420.0
File /usr/local/lib/python3.8/site-packages/backports/zoneinfo/_common.py first seen with mtime 1694299860.038531
File /usr/local/lib/python3.8/site-packages/prometheus_client/asgi.py first seen with mtime 1694299859.817531
File /usr/local/lib/python3.8/site-packages/django/contrib/messages/__init__.py first seen with mtime 1694299860.536531
File /usr/local/lib/python3.8/site-packages/celery/signals.py first seen with mtime 1694299861.163531
File /usr/local/lib/python3.8/site-packages/django/db/models/constants.py first seen with mtime 1694299860.624531
File /usr/local/lib/python3.8/email/parser.py first seen with mtime 1694114421.0
File /usr/local/lib/python3.8/multiprocessing/context.py first seen with mtime 1694114421.0
File /usr/local/lib/python3.8/site-packages/django/core/checks/__init__.py first seen with mtime 1694299860.609531
File /usr/local/lib/python3.8/site-packages/django/core/files/locks.py first seen with mtime 1694299860.611531
File /usr/local/lib/python3.8/site-packages/django/contrib/contenttypes/admin.py first seen with mtime 1694299860.4555311
File /usr/local/lib/python3.8/site-packages/django/contrib/sessions/backends/__init__.py first seen with mtime 1694299860.571531
File /usr/local/lib/python3.8/posixpath.py first seen with mtime 1694114419.0
File /usr/local/lib/python3.8/site-packages/django/contrib/staticfiles/finders.py first seen with mtime 1694299860.607531
File /usr/local/lib/python3.8/site-packages/django/core/checks/security/base.py first seen with mtime 1694299860.610531
File /usr/local/lib/python3.8/shutil.py first seen with mtime 1694114419.0
File /usr/local/lib/python3.8/site-packages/django/core/management/commands/__init__.py first seen with mtime 1694299860.613531
File /usr/local/lib/python3.8/site-packages/backports/zoneinfo/_czoneinfo.cpython-38-aarch64-linux-gnu.so first seen with mtime 1694299860.038531
File /usr/local/lib/python3.8/heapq.py first seen with mtime 1694114419.0
File /usr/local/lib/python3.8/site-packages/django/utils/autoreload.py first seen with mtime 1694299860.642531
File /usr/local/lib/python3.8/site-packages/django/template/backends/django.py first seen with mtime 1694299860.639531
File /usr/local/lib/python3.8/html/parser.py first seen with mtime 1694114421.0
File /usr/local/lib/python3.8/site-packages/django/db/models/fields/related_descriptors.py first seen with mtime 1694299860.627531
File /usr/local/lib/python3.8/site-packages/django/views/decorators/common.py first seen with mtime 1694299860.647531
File /usr/local/lib/python3.8/socket.py first seen with mtime 1694114419.0
File /usr/local/lib/python3.8/site-packages/requests/exceptions.py first seen with mtime 1694299860.046531
File /usr/local/lib/python3.8/site-packages/requests/certs.py first seen with mtime 1694299860.046531
File /app/my_app/admin.py first seen with mtime 1693867473.057953
File /usr/local/lib/python3.8/site-packages/django/utils/dateparse.py first seen with mtime 1694299860.643531
File /usr/local/lib/python3.8/site-packages/celery/app/base.py first seen with mtime 1694299861.163531
File /usr/local/lib/python3.8/site-packages/django/utils/translation/__init__.py first seen with mtime 1694299860.645531
File /usr/local/lib/python3.8/site-packages/django/utils/termcolors.py first seen with mtime 1694299860.645531
File /usr/local/lib/python3.8/gettext.py first seen with mtime 1694114419.0
File /usr/local/lib/python3.8/site-packages/django/core/files/__init__.py first seen with mtime 1694299860.610531
File /usr/local/lib/python3.8/email/mime/text.py first seen with mtime 1694114421.0
File /usr/local/lib/python3.8/http/cookiejar.py first seen with mtime 1694114421.0
File /usr/local/lib/python3.8/site-packages/django/contrib/staticfiles/views.py first seen with mtime 1694299860.607531
File /usr/local/lib/python3.8/site-packages/amqp/sasl.py first seen with mtime 1694299860.194531
File /usr/local/lib/python3.8/site-packages/charset_normalizer/cd.py first seen with mtime 1694299859.981531
File /usr/local/lib/python3.8/site-packages/django/db/models/lookups.py first seen with mtime 1694299860.624531
File /usr/local/lib/python3.8/site-packages/pika/adapters/utils/nbio_interface.py first seen with mtime 1694299859.843531
File /usr/local/lib/python3.8/site-packages/pika/adapters/blocking_connection.py first seen with mtime 1694299859.842531
File /usr/local/lib/python3.8/site-packages/django/contrib/admin/apps.py first seen with mtime 1694299860.345531
File /usr/local/lib/python3.8/lib-dynload/_asyncio.cpython-38-aarch64-linux-gnu.so first seen with mtime 1694114410.0
File /usr/local/lib/python3.8/sqlite3/dbapi2.py first seen with mtime 1694114421.0
File /usr/local/lib/python3.8/site-packages/celery/utils/threads.py first seen with mtime 1694299861.173531
File /usr/local/lib/python3.8/importlib/abc.py first seen with mtime 1694114420.0
File /usr/local/lib/python3.8/site-packages/django/utils/log.py first seen with mtime 1694299860.644531
File /usr/local/lib/python3.8/site-packages/django/core/handlers/wsgi.py first seen with mtime 1694299860.612531
File /usr/local/lib/python3.8/site-packages/django/template/engine.py first seen with mtime 1694299860.638531
File /usr/local/lib/python3.8/site-packages/celery/utils/functional.py first seen with mtime 1694299861.1725311
File /usr/local/lib/python3.8/urllib/response.py first seen with mtime 1694114421.0
File /usr/local/lib/python3.8/site-packages/pika/connection.py first seen with mtime 1694299859.840531
File /usr/local/lib/python3.8/site-packages/django/contrib/__init__.py first seen with mtime 1694299860.345531
File /usr/local/lib/python3.8/site-packages/sqlparse/filters/output.py first seen with mtime 1694299859.627531
File /app/backend/celery.py first seen with mtime 1694313949.1570582
File /usr/local/lib/python3.8/site-packages/django/contrib/messages/storage/__init__.py first seen with mtime 1694299860.537531
File /usr/local/lib/python3.8/site-packages/django/http/multipartparser.py first seen with mtime 1694299860.636531
File /usr/local/lib/python3.8/site-packages/django/template/base.py first seen with mtime 1694299860.638531
File /usr/local/lib/python3.8/site-packages/click/core.py first seen with mtime 1694299859.948531
File /usr/local/lib/python3.8/secrets.py first seen with mtime 1694114419.0
File /usr/local/lib/python3.8/lib-dynload/_sha3.cpython-38-aarch64-linux-gnu.so first seen with mtime 1694114414.0
File /usr/local/lib/python3.8/re.py first seen with mtime 1694114419.0
File /usr/local/lib/python3.8/asyncio/coroutines.py first seen with mtime 1694114420.0
File /usr/local/lib/python3.8/site-packages/django/utils/__init__.py first seen with mtime 1694299860.642531
File /usr/local/lib/python3.8/site-packages/django/db/__init__.py first seen with mtime 1694299860.616531
File /usr/local/lib/python3.8/quopri.py first seen with mtime 1694114419.0
File /usr/local/lib/python3.8/urllib/request.py first seen with mtime 1694114421.0
File /usr/local/lib/python3.8/site-packages/django/db/models/utils.py first seen with mtime 1694299860.625531
File /usr/local/lib/python3.8/site-packages/django/contrib/admin/views/__init__.py first seen with mtime 1694299860.410531
File /usr/local/lib/python3.8/site-packages/django/conf/urls/__init__.py first seen with mtime 1694299860.344531
File /usr/local/lib/python3.8/site-packages/django/forms/models.py first seen with mtime 1694299860.630531
File /usr/local/lib/python3.8/site-packages/sqlparse/engine/statement_splitter.py first seen with mtime 1694299859.627531
File /usr/local/lib/python3.8/site-packages/django/utils/hashable.py first seen with mtime 1694299860.644531
File /usr/local/lib/python3.8/email/errors.py first seen with mtime 1694114421.0
File /usr/local/lib/python3.8/site-packages/charset_normalizer/utils.py first seen with mtime 1694299859.981531
File /usr/local/lib/python3.8/site-packages/django/db/models/fields/proxy.py first seen with mtime 1694299860.6265311
File /usr/local/lib/python3.8/site-packages/django/template/context.py first seen with mtime 1694299860.638531
File /usr/local/lib/python3.8/site-packages/requests/__init__.py first seen with mtime 1694299860.045531
File /usr/local/lib/python3.8/site-packages/django/db/migrations/graph.py first seen with mtime 1694299860.622531
File /usr/local/lib/python3.8/asyncio/format_helpers.py first seen with mtime 1694114420.0
File /usr/local/lib/python3.8/concurrent/__init__.py first seen with mtime 1694114420.0
File /usr/local/lib/python3.8/site-packages/django/contrib/sites/requests.py first seen with mtime 1694299860.590531
File /usr/local/lib/python3.8/site-packages/django/db/models/sql/__init__.py first seen with mtime 1694299860.627531
File /usr/local/lib/python3.8/site-packages/django/urls/resolvers.py first seen with mtime 1694299860.642531
File /usr/local/lib/python3.8/site-packages/django/core/serializers/python.py first seen with mtime 1694299860.616531
File /usr/local/lib/python3.8/site-packages/django/db/backends/dummy/__init__.py first seen with mtime 1694299860.618531
File /usr/local/lib/python3.8/site-packages/vine/promises.py first seen with mtime 1694299859.526531
File /usr/local/lib/python3.8/site-packages/vine/synchronization.py first seen with mtime 1694299859.526531
File /usr/local/lib/python3.8/ctypes/_endian.py first seen with mtime 1694114421.0
File /usr/local/lib/python3.8/timeit.py first seen with mtime 1694114419.0
File /usr/local/lib/python3.8/io.py first seen with mtime 1694114419.0
File /usr/local/lib/python3.8/site-packages/django/forms/formsets.py first seen with mtime 1694299860.629531
File /usr/local/lib/python3.8/site-packages/idna/package_data.py first seen with mtime 1694299859.8995311
File /usr/local/lib/python3.8/site-packages/celery/app/utils.py first seen with mtime 1694299861.164531
File /usr/local/lib/python3.8/site-packages/django_prometheus/conf/__init__.py first seen with mtime 1694299860.123531
File /usr/local/lib/python3.8/site-packages/django/contrib/auth/forms.py first seen with mtime 1694299860.432531
File /usr/local/lib/python3.8/site-packages/six.py first seen with mtime 1694299859.661531
File /usr/local/lib/python3.8/site-packages/django/contrib/admin/checks.py first seen with mtime 1694299860.345531
File /usr/local/lib/python3.8/site-packages/asgiref/current_thread_executor.py first seen with mtime 1694299860.184531
File /usr/local/lib/python3.8/site-packages/django/db/backends/__init__.py first seen with mtime 1694299860.616531
File /usr/local/lib/python3.8/site-packages/django/db/models/expressions.py first seen with mtime 1694299860.624531
File /usr/local/lib/python3.8/uuid.py first seen with mtime 1694114419.0
File /usr/local/lib/python3.8/_weakrefset.py first seen with mtime 1694114419.0
File /usr/local/lib/python3.8/site-packages/django_prometheus/apps.py first seen with mtime 1694299860.122531
File /usr/local/lib/python3.8/site-packages/sqlparse/formatter.py first seen with mtime 1694299859.6265311
File /usr/local/lib/python3.8/site-packages/click/parser.py first seen with mtime 1694299859.948531
File /usr/local/lib/python3.8/site-packages/django/contrib/admin/utils.py first seen with mtime 1694299860.346531
File /usr/local/lib/python3.8/site-packages/django/contrib/admin/filters.py first seen with mtime 1694299860.345531
File /usr/local/lib/python3.8/site-packages/django/contrib/admin/actions.py first seen with mtime 1694299860.345531
File /usr/local/lib/python3.8/site-packages/django/db/migrations/exceptions.py first seen with mtime 1694299860.622531
File /usr/local/lib/python3.8/site-packages/django/views/generic/base.py first seen with mtime 1694299860.647531
File /usr/local/lib/python3.8/email/_encoded_words.py first seen with mtime 1694114421.0
File /usr/local/lib/python3.8/asyncio/base_tasks.py first seen with mtime 1694114420.0
File /usr/local/lib/python3.8/functools.py first seen with mtime 1694114419.0
File /usr/local/lib/python3.8/site-packages/django/template/utils.py first seen with mtime 1694299860.639531
File /usr/local/lib/python3.8/email/_parseaddr.py first seen with mtime 1694114421.0
File /usr/local/lib/python3.8/site-packages/pika/callback.py first seen with mtime 1694299859.840531
File /usr/local/lib/python3.8/site-packages/django/core/management/color.py first seen with mtime 1694299860.613531
File /usr/local/lib/python3.8/site-packages/prometheus_client/__init__.py first seen with mtime 1694299859.817531
File /usr/local/lib/python3.8/site-packages/charset_normalizer/assets/__init__.py first seen with mtime 1694299859.983531
File /app/my_app/tasks.py first seen with mtime 1694312452.3844712
File /usr/local/lib/python3.8/site-packages/kombu/log.py first seen with mtime 1694299860.208531
File /usr/local/lib/python3.8/email/utils.py first seen with mtime 1694114421.0
File /usr/local/lib/python3.8/site-packages/django/core/checks/compatibility/__init__.py first seen with mtime 1694299860.610531
File /usr/local/lib/python3.8/site-packages/django/db/models/sql/where.py first seen with mtime 1694299860.629531
File /usr/local/lib/python3.8/site-packages/corsheaders/signals.py first seen with mtime 1694299861.154531
File /usr/local/lib/python3.8/site-packages/amqp/utils.py first seen with mtime 1694299860.194531
File /usr/local/lib/python3.8/site-packages/prometheus_client/exposition.py first seen with mtime 1694299859.818531
File /usr/local/lib/python3.8/site-packages/django/views/generic/detail.py first seen with mtime 1694299860.647531
File /usr/local/lib/python3.8/site-packages/sqlparse/filters/tokens.py first seen with mtime 1694299859.627531
File /usr/local/lib/python3.8/site-packages/django/templatetags/cache.py first seen with mtime 1694299860.640531
File /usr/local/lib/python3.8/site-packages/corsheaders/defaults.py first seen with mtime 1694299861.154531
File /usr/local/lib/python3.8/encodings/__init__.py first seen with mtime 1694114420.0
File /app/backend/settings.py first seen with mtime 1694316542.0468946
File /usr/local/lib/python3.8/types.py first seen with mtime 1694114419.0
File /usr/local/lib/python3.8/site-packages/amqp/method_framing.py first seen with mtime 1694299860.193531
File /usr/local/lib/python3.8/site-packages/soupsieve/util.py first seen with mtime 1694299859.645531
File /usr/local/lib/python3.8/site-packages/django_prometheus/exports.py first seen with mtime 1694299860.122531
File /usr/local/lib/python3.8/site-packages/django/middleware/cache.py first seen with mtime 1694299860.637531
File /usr/local/lib/python3.8/site-packages/dateutil/tz/tz.py first seen with mtime 1694299860.065531
File /usr/local/lib/python3.8/site-packages/django/utils/dates.py first seen with mtime 1694299860.643531
File /usr/local/lib/python3.8/tokenize.py first seen with mtime 1694114419.0
File /usr/local/lib/python3.8/difflib.py first seen with mtime 1694114419.0
File /usr/local/lib/python3.8/site-packages/django/core/checks/messages.py first seen with mtime 1694299860.610531
File /usr/local/lib/python3.8/site-packages/django/db/models/functions/window.py first seen with mtime 1694299860.627531
File /usr/local/lib/python3.8/email/iterators.py first seen with mtime 1694114421.0
File /usr/local/lib/python3.8/site-packages/django/db/backends/sqlite3/__init__.py first seen with mtime 1694299860.621531
File /usr/local/lib/python3.8/email/charset.py first seen with mtime 1694114421.0
File /usr/local/lib/python3.8/site-packages/django/utils/datastructures.py first seen with mtime 1694299860.643531
File /usr/local/lib/python3.8/site-packages/django/template/loaders/base.py first seen with mtime 1694299860.639531
File /usr/local/lib/python3.8/site-packages/celery/_state.py first seen with mtime 1694299861.161531
File /usr/local/lib/python3.8/site-packages/django/db/models/functions/datetime.py first seen with mtime 1694299860.627531
File /usr/local/lib/python3.8/sre_constants.py first seen with mtime 1694114419.0
File /usr/local/lib/python3.8/datetime.py first seen with mtime 1694114419.0
File /usr/local/lib/python3.8/codecs.py first seen with mtime 1694114419.0
File /usr/local/lib/python3.8/linecache.py first seen with mtime 1694114419.0
File /usr/local/lib/python3.8/site-packages/pika/amqp_object.py first seen with mtime 1694299859.839531
File /usr/local/lib/python3.8/site-packages/backports/zoneinfo/_tzpath.py first seen with mtime 1694299860.039531
File /usr/local/lib/python3.8/site-packages/django/contrib/contenttypes/apps.py first seen with mtime 1694299860.4555311
File /usr/local/lib/python3.8/site-packages/django/contrib/admin/sites.py first seen with mtime 1694299860.346531
File /usr/local/lib/python3.8/site-packages/django/contrib/admin/views/main.py first seen with mtime 1694299860.410531
File /usr/local/lib/python3.8/site-packages/celery/utils/log.py first seen with mtime 1694299861.173531
File /usr/local/lib/python3.8/importlib/util.py first seen with mtime 1694114420.0
File /usr/local/lib/python3.8/site-packages/django/utils/module_loading.py first seen with mtime 1694299860.644531
File /usr/local/lib/python3.8/site-packages/django/db/models/functions/mixins.py first seen with mtime 1694299860.627531
File /usr/local/lib/python3.8/site-packages/django/contrib/sessions/models.py first seen with mtime 1694299860.571531
File /usr/local/lib/python3.8/site-packages/django/db/migrations/operations/special.py first seen with mtime 1694299860.623531
File /usr/local/lib/python3.8/site-packages/django/core/mail/message.py first seen with mtime 1694299860.612531
File /usr/local/lib/python3.8/site-packages/requests/packages.py first seen with mtime 1694299860.0475311
File /usr/local/lib/python3.8/site-packages/amqp/basic_message.py first seen with mtime 1694299860.193531
File /usr/local/lib/python3.8/asyncio/transports.py first seen with mtime 1694114420.0
File /usr/local/lib/python3.8/site-packages/django/forms/renderers.py first seen with mtime 1694299860.630531
File /usr/local/lib/python3.8/site-packages/amqp/connection.py first seen with mtime 1694299860.193531
File /usr/local/lib/python3.8/lib-dynload/_sqlite3.cpython-38-aarch64-linux-gnu.so first seen with mtime 1694114413.0
File /usr/local/lib/python3.8/site-packages/django/db/migrations/__init__.py first seen with mtime 1694299860.621531
File /usr/local/lib/python3.8/site-packages/django/contrib/sessions/exceptions.py first seen with mtime 1694299860.571531
File /usr/local/lib/python3.8/asyncio/trsock.py first seen with mtime 1694114420.0
File /usr/local/lib/python3.8/site-packages/django/db/transaction.py first seen with mtime 1694299860.616531
File /usr/local/lib/python3.8/site-packages/celery/utils/__init__.py first seen with mtime 1694299861.1725311
File /usr/local/lib/python3.8/site-packages/django/views/decorators/cache.py first seen with mtime 1694299860.646531
File /usr/local/lib/python3.8/site-packages/urllib3/util/util.py first seen with mtime 1694299859.535531
File /usr/local/lib/python3.8/site-packages/django/contrib/auth/models.py first seen with mtime 1694299860.432531
File /usr/local/lib/python3.8/site-packages/django/core/checks/files.py first seen with mtime 1694299860.610531
File /usr/local/lib/python3.8/site-packages/django/core/management/base.py first seen with mtime 1694299860.613531
File /usr/local/lib/python3.8/site-packages/celery/platforms.py first seen with mtime 1694299861.162531
File /usr/local/lib/python3.8/site-packages/django_prometheus/utils.py first seen with mtime 1694299860.122531
File /usr/local/lib/python3.8/weakref.py first seen with mtime 1694114419.0
File /usr/local/lib/python3.8/site-packages/django_prometheus/urls.py first seen with mtime 1694299860.122531
File /usr/local/lib/python3.8/site-packages/django/utils/html.py first seen with mtime 1694299860.644531
File /usr/local/lib/python3.8/site-packages/django/db/models/functions/math.py first seen with mtime 1694299860.627531
File /usr/local/lib/python3.8/site-packages/celery/loaders/app.py first seen with mtime 1694299861.171531
File /usr/local/lib/python3.8/site-packages/click/_compat.py first seen with mtime 1694299859.947531
File /usr/local/lib/python3.8/site-packages/django/template/library.py first seen with mtime 1694299860.638531
File /usr/local/lib/python3.8/site-packages/django/utils/lorem_ipsum.py first seen with mtime 1694299860.644531
File /usr/local/lib/python3.8/site-packages/django/utils/http.py first seen with mtime 1694299860.644531
File /usr/local/lib/python3.8/site-packages/django/db/backends/base/schema.py first seen with mtime 1694299860.618531
File /usr/local/lib/python3.8/fnmatch.py first seen with mtime 1694114419.0
File /usr/local/lib/python3.8/site-packages/sqlparse/engine/filter_stack.py first seen with mtime 1694299859.627531
File /usr/local/lib/python3.8/site-packages/django/contrib/staticfiles/management/__init__.py first seen with mtime 1694299860.607531
File /usr/local/lib/python3.8/site-packages/urllib3/connection.py first seen with mtime 1694299859.532531
File /usr/local/lib/python3.8/site-packages/django/core/files/storage/base.py first seen with mtime 1694299860.611531
File /usr/local/lib/python3.8/random.py first seen with mtime 1694114419.0
File /usr/local/lib/python3.8/site-packages/sqlparse/lexer.py first seen with mtime 1694299859.6265311
File /usr/local/lib/python3.8/site-packages/django/core/checks/database.py first seen with mtime 1694299860.609531
File /usr/local/lib/python3.8/site-packages/django_prometheus/migrations.py first seen with mtime 1694299860.122531
File /app/manage.py first seen with mtime 1693960037.767939
File /usr/local/lib/python3.8/site-packages/pika/validators.py first seen with mtime 1694299859.841531
File /usr/local/lib/python3.8/multiprocessing/__init__.py first seen with mtime 1694114421.0
File /usr/local/lib/python3.8/email/headerregistry.py first seen with mtime 1694114421.0
File /usr/local/lib/python3.8/site-packages/whitenoise/media_types.py first seen with mtime 1694299859.517531
File /usr/local/lib/python3.8/site-packages/django/db/migrations/operations/models.py first seen with mtime 1694299860.623531
File /usr/local/lib/python3.8/site-packages/django/db/models/fields/json.py first seen with mtime 1694299860.6265311
File /usr/local/lib/python3.8/copy.py first seen with mtime 1694114419.0
File /usr/local/lib/python3.8/site-packages/django/utils/functional.py first seen with mtime 1694299860.644531
File /usr/local/lib/python3.8/site-packages/django/core/__init__.py first seen with mtime 1694299860.608531
File /usr/local/lib/python3.8/site-packages/django/core/checks/model_checks.py first seen with mtime 1694299860.610531
File /usr/local/lib/python3.8/site-packages/sqlparse/utils.py first seen with mtime 1694299859.627531
File /usr/local/lib/python3.8/site-packages/charset_normalizer/md.cpython-38-aarch64-linux-gnu.so first seen with mtime 1694299859.980531
File /usr/local/lib/python3.8/site-packages/pika/adapters/utils/io_services_utils.py first seen with mtime 1694299859.843531
File /usr/local/lib/python3.8/site-packages/django/core/files/storage/handler.py first seen with mtime 1694299860.611531
File /usr/local/lib/python3.8/sqlite3/__init__.py first seen with mtime 1694114421.0
File /usr/local/lib/python3.8/asyncio/runners.py first seen with mtime 1694114420.0
File /usr/local/lib/python3.8/site-packages/django/db/models/__init__.py first seen with mtime 1694299860.623531
File /usr/local/lib/python3.8/os.py first seen with mtime 1694114419.0
File /usr/local/lib/python3.8/lib-dynload/_bz2.cpython-38-aarch64-linux-gnu.so first seen with mtime 1694114412.0
File /usr/local/lib/python3.8/site-packages/soupsieve/css_match.py first seen with mtime 1694299859.645531
File /usr/local/lib/python3.8/decimal.py first seen with mtime 1694114419.0
File /usr/local/lib/python3.8/site-packages/django/template/autoreload.py first seen with mtime 1694299860.637531
File /usr/local/lib/python3.8/site-packages/sqlparse/filters/__init__.py first seen with mtime 1694299859.627531
File /usr/local/lib/python3.8/site-packages/django/db/models/fields/reverse_related.py first seen with mtime 1694299860.627531
File /usr/local/lib/python3.8/site-packages/click/utils.py first seen with mtime 1694299859.949531
File /usr/local/lib/python3.8/site-packages/celery/loaders/base.py first seen with mtime 1694299861.171531
File /usr/local/lib/python3.8/site-packages/charset_normalizer/__init__.py first seen with mtime 1694299859.981531
File /usr/local/lib/python3.8/inspect.py first seen with mtime 1694114419.0
File /usr/local/lib/python3.8/site-packages/click/decorators.py first seen with mtime 1694299859.948531
File /usr/local/lib/python3.8/site-packages/django/core/cache/backends/base.py first seen with mtime 1694299860.609531
File /usr/local/lib/python3.8/site-packages/backports/zoneinfo/_version.py first seen with mtime 1694299860.039531
File /usr/local/lib/python3.8/site-packages/django/utils/dateformat.py first seen with mtime 1694299860.643531
File /usr/local/lib/python3.8/traceback.py first seen with mtime 1694114419.0
File /usr/local/lib/python3.8/site-packages/corsheaders/checks.py first seen with mtime 1694299861.154531
File /usr/local/lib/python3.8/site-packages/django_prometheus/middleware.py first seen with mtime 1694299860.122531
File /usr/local/lib/python3.8/site-packages/django/db/backends/sqlite3/operations.py first seen with mtime 1694299860.621531
File /usr/local/lib/python3.8/site-packages/django/utils/deprecation.py first seen with mtime 1694299860.643531
File /usr/local/lib/python3.8/site-packages/urllib3/util/ssl_.py first seen with mtime 1694299859.534531
File /usr/local/lib/python3.8/site-packages/celery/utils/text.py first seen with mtime 1694299861.173531
File /usr/local/lib/python3.8/site-packages/prometheus_client/openmetrics/__init__.py first seen with mtime 1694299859.819531
File /usr/local/lib/python3.8/site-packages/celery/utils/dispatch/signal.py first seen with mtime 1694299861.174531
File /usr/local/lib/python3.8/site-packages/celery/app/__init__.py first seen with mtime 1694299861.163531
File /usr/local/lib/python3.8/email/header.py first seen with mtime 1694114421.0
File /usr/local/lib/python3.8/site-packages/kombu/clocks.py first seen with mtime 1694299860.207531
File /usr/local/lib/python3.8/site-packages/django/contrib/auth/signals.py first seen with mtime 1694299860.432531
File /usr/local/lib/python3.8/site-packages/prometheus_client/openmetrics/exposition.py first seen with mtime 1694299859.819531
File /usr/local/lib/python3.8/site-packages/django/apps/config.py first seen with mtime 1694299860.298531
File /usr/local/lib/python3.8/http/server.py first seen with mtime 1694114421.0
File /usr/local/lib/python3.8/site-packages/amqp/platform.py first seen with mtime 1694299860.193531
File /usr/local/lib/python3.8/site-packages/urllib3/util/ssl_match_hostname.py first seen with mtime 1694299859.534531
File /usr/local/lib/python3.8/site-packages/django/contrib/sessions/backends/db.py first seen with mtime 1694299860.572531
File /usr/local/lib/python3.8/site-packages/whitenoise/compress.py first seen with mtime 1694299859.517531
File /usr/local/lib/python3.8/site-packages/django/middleware/clickjacking.py first seen with mtime 1694299860.637531
File /usr/local/lib/python3.8/site-packages/django/contrib/admin/migrations/__init__.py first seen with mtime 1694299860.392531
File /usr/local/lib/python3.8/site-packages/django/contrib/contenttypes/migrations/0001_initial.py first seen with mtime 1694299860.472531
File /app/backend/migrations/__init__.py first seen with mtime 1694314200.141622
File /usr/local/lib/python3.8/site-packages/django/contrib/auth/migrations/0012_alter_user_first_name_max_length.py first seen with mtime 1694299860.4555311
File /usr/local/lib/python3.8/site-packages/django/contrib/auth/migrations/0001_initial.py first seen with mtime 1694299860.454531
File /usr/local/lib/python3.8/site-packages/django/contrib/auth/migrations/0002_alter_permission_name_max_length.py first seen with mtime 1694299860.454531
File /usr/local/lib/python3.8/site-packages/django/contrib/sessions/migrations/0001_initial.py first seen with mtime 1694299860.589531
File /usr/local/lib/python3.8/site-packages/django/contrib/contenttypes/migrations/__init__.py first seen with mtime 1694299860.472531
File /usr/local/lib/python3.8/site-packages/django/contrib/auth/migrations/0009_alter_user_last_name_max_length.py first seen with mtime 1694299860.4555311
File /usr/local/lib/python3.8/site-packages/django/contrib/auth/migrations/__init__.py first seen with mtime 1694299860.4555311
File /usr/local/lib/python3.8/site-packages/django/contrib/auth/migrations/0008_alter_user_username_max_length.py first seen with mtime 1694299860.4555311
File /usr/local/lib/python3.8/site-packages/django/contrib/admin/migrations/0003_logentry_add_action_flag_choices.py first seen with mtime 1694299860.392531
File /usr/local/lib/python3.8/site-packages/django/contrib/sessions/migrations/__init__.py first seen with mtime 1694299860.589531
File /usr/local/lib/python3.8/site-packages/django/contrib/auth/migrations/0006_require_contenttypes_0002.py first seen with mtime 1694299860.454531
File /usr/local/lib/python3.8/site-packages/django/contrib/auth/migrations/0005_alter_user_last_login_null.py first seen with mtime 1694299860.454531
File /app/backend/user_creation.py first seen with mtime 1694232720.6377304
File /usr/local/lib/python3.8/site-packages/django/contrib/auth/migrations/0007_alter_validators_add_error_messages.py first seen with mtime 1694299860.454531
File /usr/local/lib/python3.8/site-packages/whitenoise/storage.py first seen with mtime 1694299859.517531
File /app/my_app/migrations/0001_initial.py first seen with mtime 1694314608.948697
File /usr/local/lib/python3.8/site-packages/django/contrib/auth/migrations/0010_alter_group_name_max_length.py first seen with mtime 1694299860.4555311
File /usr/local/lib/python3.8/site-packages/django/contrib/auth/migrations/0004_alter_user_username_opts.py first seen with mtime 1694299860.454531
File /app/my_app/migrations/__init__.py first seen with mtime 1694314402.4318185
File /usr/local/lib/python3.8/site-packages/django/contrib/auth/migrations/0003_alter_user_email_max_length.py first seen with mtime 1694299860.454531
File /usr/local/lib/python3.8/site-packages/django/contrib/admin/migrations/0001_initial.py first seen with mtime 1694299860.392531
File /app/backend/wsgi.py first seen with mtime 1693867435.697782
File /usr/local/lib/python3.8/site-packages/django/contrib/auth/migrations/0011_update_proxy_permissions.py first seen with mtime 1694299860.4555311
File /usr/local/lib/python3.8/site-packages/django/contrib/admin/migrations/0002_logentry_remove_auto_add.py first seen with mtime 1694299860.392531
File /usr/local/lib/python3.8/site-packages/django/contrib/contenttypes/migrations/0002_remove_content_type_name.py first seen with mtime 1694299860.472531
Internal Server Error: /metrics
Traceback (most recent call last):
  File "/usr/local/lib/python3.8/site-packages/django/core/handlers/exception.py", line 55, in inner
    response = get_response(request)
  File "/usr/local/lib/python3.8/site-packages/django/core/handlers/base.py", line 220, in _get_response
    response = response.render()
  File "/usr/local/lib/python3.8/site-packages/django/template/response.py", line 114, in render
    self.content = self.rendered_content
  File "/usr/local/lib/python3.8/site-packages/django/template/response.py", line 90, in rendered_content
    template = self.resolve_template(self.template_name)
  File "/usr/local/lib/python3.8/site-packages/django/template/response.py", line 72, in resolve_template
    return select_template(template, using=self.using)
  File "/usr/local/lib/python3.8/site-packages/django/template/loader.py", line 47, in select_template
    raise TemplateDoesNotExist(", ".join(template_name_list), chain=chain)
django.template.exceptions.TemplateDoesNotExist: index.html
"GET /metrics HTTP/1.1" 500 145
File /usr/local/lib/python3.8/site-packages/django/contrib/messages/storage/session.py first seen with mtime 1694299860.537531
File /usr/local/lib/python3.8/site-packages/django/contrib/messages/storage/fallback.py first seen with mtime 1694299860.537531
File /usr/local/lib/python3.8/site-packages/django/contrib/messages/storage/cookie.py first seen with mtime 1694299860.537531
File /usr/local/lib/python3.8/site-packages/django/contrib/sessions/serializers.py first seen with mtime 1694299860.571531
Internal Server Error: /metrics
Traceback (most recent call last):
  File "/usr/local/lib/python3.8/site-packages/django/core/handlers/exception.py", line 55, in inner
    response = get_response(request)
  File "/usr/local/lib/python3.8/site-packages/django/core/handlers/base.py", line 220, in _get_response
    response = response.render()
  File "/usr/local/lib/python3.8/site-packages/django/template/response.py", line 114, in render
    self.content = self.rendered_content
  File "/usr/local/lib/python3.8/site-packages/django/template/response.py", line 90, in rendered_content
    template = self.resolve_template(self.template_name)
  File "/usr/local/lib/python3.8/site-packages/django/template/response.py", line 72, in resolve_template
    return select_template(template, using=self.using)
  File "/usr/local/lib/python3.8/site-packages/django/template/loader.py", line 47, in select_template
    raise TemplateDoesNotExist(", ".join(template_name_list), chain=chain)
django.template.exceptions.TemplateDoesNotExist: index.html
"GET /metrics HTTP/1.1" 500 145
